<?xml version="1.0" encoding="utf-8" standalone="yes"?>
<CoverageSession xmlns:xsd="http://www.w3.org/2001/XMLSchema" xmlns:xsi="http://www.w3.org/2001/XMLSchema-instance">
  <Summary numSequencePoints="438" visitedSequencePoints="155" numBranchPoints="243" visitedBranchPoints="66" sequenceCoverage="35.39" branchCoverage="27.16" maxCyclomaticComplexity="21" minCyclomaticComplexity="1" visitedClasses="21" numClasses="60" visitedMethods="29" numMethods="97" minCrapScore="1" maxCrapScore="462" />
  <Modules>
    <Module hash="34-79-11-B9-50-C3-12-23-30-F6-D6-AB-6D-88-7F-15-9C-91-E9-3F">
      <Summary numSequencePoints="438" visitedSequencePoints="155" numBranchPoints="243" visitedBranchPoints="66" sequenceCoverage="35.39" branchCoverage="27.16" maxCyclomaticComplexity="21" minCyclomaticComplexity="1" visitedClasses="21" numClasses="60" visitedMethods="29" numMethods="97" minCrapScore="1" maxCrapScore="462" />
      <ModulePath>/home/dxd/ImageProcessing/tests/ImageProcessing.Tests/bin/Debug/net7.0/ImageProcessing.dll</ModulePath>
      <ModuleTime>2023-09-16T17:09:44.0100254Z</ModuleTime>
      <ModuleName>ImageProcessing</ModuleName>
      <Files>
        <File uid="1" fullPath="/home/dxd/ImageProcessing/src/ImageProcessing/Main.fs" />
        <File uid="2" fullPath="/home/dxd/ImageProcessing/src/ImageProcessing/Streaming.fs" />
        <File uid="3" fullPath="/home/dxd/ImageProcessing/src/ImageProcessing/RunStrategy.fs" />
        <File uid="4" fullPath="/home/dxd/ImageProcessing/src/ImageProcessing/Agent.fs" />
        <File uid="5" fullPath="/home/dxd/ImageProcessing/src/ImageProcessing/Transformation.fs" />
        <File uid="6" fullPath="/home/dxd/ImageProcessing/src/ImageProcessing/ImageProcessing.fs" />
        <File uid="7" fullPath="/home/dxd/ImageProcessing/src/ImageProcessing/GPUDevice.fs" />
        <File uid="8" fullPath="/home/dxd/ImageProcessing/src/ImageProcessing/GPUKernel.fs" />
        <File uid="9" fullPath="/home/dxd/ImageProcessing/src/ImageProcessing/FilterKernel.fs" />
        <File uid="10" fullPath="/home/dxd/ImageProcessing/src/ImageProcessing/Logging.fs" />
      </Files>
      <Classes>
        <Class>
          <Summary numSequencePoints="55" visitedSequencePoints="0" numBranchPoints="38" visitedBranchPoints="0" sequenceCoverage="0" branchCoverage="0" maxCyclomaticComplexity="12" minCyclomaticComplexity="1" visitedClasses="0" numClasses="1" visitedMethods="0" numMethods="3" minCrapScore="2" maxCrapScore="156" />
          <FullName>ImageProcessing.Main</FullName>
          <Methods>
            <Method visited="false" cyclomaticComplexity="1" nPathComplexity="0" sequenceCoverage="0" branchCoverage="0" isConstructor="false" isStatic="true" isGetter="true" isSetter="false" crapScore="2">
              <Summary numSequencePoints="0" visitedSequencePoints="0" numBranchPoints="0" visitedBranchPoints="0" sequenceCoverage="0" branchCoverage="0" maxCyclomaticComplexity="1" minCyclomaticComplexity="1" visitedClasses="0" numClasses="0" visitedMethods="0" numMethods="0" minCrapScore="2" maxCrapScore="2" />
              <MetadataToken>100663297</MetadataToken>
              <Name>Microsoft.FSharp.Collections.FSharpSet`1&lt;System.String&gt; ImageProcessing.Main::get_extensions()</Name>
              <SequencePoints />
              <BranchPoints />
              <MethodPoint vc="0" uspid="100663297" ordinal="0" offset="0" />
            </Method>
            <Method visited="false" cyclomaticComplexity="1" nPathComplexity="0" sequenceCoverage="0" branchCoverage="0" isConstructor="false" isStatic="true" isGetter="false" isSetter="false" crapScore="2">
              <Summary numSequencePoints="1" visitedSequencePoints="0" numBranchPoints="1" visitedBranchPoints="0" sequenceCoverage="0" branchCoverage="0" maxCyclomaticComplexity="1" minCyclomaticComplexity="1" visitedClasses="0" numClasses="0" visitedMethods="0" numMethods="1" minCrapScore="2" maxCrapScore="2" />
              <MetadataToken>100663298</MetadataToken>
              <Name>System.Boolean ImageProcessing.Main::isImg(System.String)</Name>
              <FileRef uid="1" />
              <SequencePoints>
                <SequencePoint vc="0" uspid="0" ordinal="0" offset="0" sl="97" sc="9" el="97" ec="57" bec="0" bev="0" fileid="1" />
              </SequencePoints>
              <BranchPoints />
              <MethodPoint xsi:type="SequencePoint" vc="0" uspid="0" ordinal="0" offset="0" sl="97" sc="9" el="97" ec="57" bec="0" bev="0" fileid="1" />
            </Method>
            <Method visited="false" cyclomaticComplexity="12" nPathComplexity="52" sequenceCoverage="0" branchCoverage="0" isConstructor="false" isStatic="true" isGetter="false" isSetter="false" crapScore="156">
              <Summary numSequencePoints="24" visitedSequencePoints="0" numBranchPoints="18" visitedBranchPoints="0" sequenceCoverage="0" branchCoverage="0" maxCyclomaticComplexity="12" minCyclomaticComplexity="12" visitedClasses="0" numClasses="0" visitedMethods="0" numMethods="1" minCrapScore="156" maxCrapScore="156" />
              <MetadataToken>100663299</MetadataToken>
              <Name>System.Int32 ImageProcessing.Main::runEditImage(ImageProcessing.Main/InputPath,ImageProcessing.Main/OutputPath,Microsoft.FSharp.Collections.FSharpList`1&lt;ImageProcessing.Transformation/Transformation&gt;,ImageProcessing.RunStrategy/RunStrategy,System.UInt32)</Name>
              <FileRef uid="1" />
              <SequencePoints>
                <SequencePoint vc="0" uspid="24" ordinal="0" offset="0" sl="116" sc="9" el="116" ec="41" bec="13" bev="0" fileid="1" />
                <SequencePoint vc="0" uspid="23" ordinal="1" offset="213" sl="118" sc="13" el="118" ec="78" bec="0" bev="0" fileid="1" />
                <SequencePoint vc="0" uspid="22" ordinal="2" offset="254" sl="119" sc="13" el="119" ec="14" bec="0" bev="0" fileid="1" />
                <SequencePoint vc="0" uspid="21" ordinal="3" offset="273" sl="121" sc="13" el="121" ec="51" bec="0" bev="0" fileid="1" />
                <SequencePoint vc="0" uspid="20" ordinal="4" offset="309" sl="122" sc="13" el="122" ec="14" bec="0" bev="0" fileid="1" />
                <SequencePoint vc="0" uspid="19" ordinal="5" offset="311" sl="124" sc="13" el="124" ec="87" bec="0" bev="0" fileid="1" />
                <SequencePoint vc="0" uspid="18" ordinal="6" offset="327" sl="125" sc="13" el="125" ec="14" bec="0" bev="0" fileid="1" />
                <SequencePoint vc="0" uspid="17" ordinal="7" offset="347" sl="127" sc="13" el="127" ec="53" bec="0" bev="0" fileid="1" />
                <SequencePoint vc="0" uspid="16" ordinal="8" offset="384" sl="128" sc="13" el="128" ec="14" bec="0" bev="0" fileid="1" />
                <SequencePoint vc="0" uspid="15" ordinal="9" offset="386" sl="130" sc="13" el="130" ec="88" bec="0" bev="0" fileid="1" />
                <SequencePoint vc="0" uspid="14" ordinal="10" offset="402" sl="131" sc="13" el="131" ec="14" bec="0" bev="0" fileid="1" />
                <SequencePoint vc="0" uspid="13" ordinal="11" offset="421" sl="133" sc="13" el="133" ec="30" bec="2" bev="0" fileid="1" />
                <SequencePoint vc="0" uspid="12" ordinal="12" offset="431" sl="134" sc="17" el="134" ec="39" bec="0" bev="0" fileid="1" />
                <SequencePoint vc="0" uspid="11" ordinal="13" offset="445" sl="135" sc="17" el="135" ec="89" bec="0" bev="0" fileid="1" />
                <SequencePoint vc="0" uspid="10" ordinal="14" offset="459" sl="136" sc="17" el="136" ec="18" bec="0" bev="0" fileid="1" />
                <SequencePoint vc="0" uspid="9" ordinal="15" offset="461" sl="138" sc="17" el="138" ec="87" bec="0" bev="0" fileid="1" />
                <SequencePoint vc="0" uspid="8" ordinal="16" offset="503" sl="139" sc="17" el="139" ec="18" bec="0" bev="0" fileid="1" />
                <SequencePoint vc="0" uspid="7" ordinal="17" offset="523" sl="141" sc="28" el="141" ec="54" bec="0" bev="0" fileid="1" />
                <SequencePoint vc="0" uspid="6" ordinal="18" offset="532" sl="141" sc="58" el="141" ec="74" bec="0" bev="0" fileid="1" />
                <SequencePoint vc="0" uspid="5" ordinal="19" offset="554" sl="143" sc="13" el="143" ec="41" bec="2" bev="0" fileid="1" />
                <SequencePoint vc="0" uspid="4" ordinal="20" offset="564" sl="144" sc="17" el="144" ec="73" bec="0" bev="0" fileid="1" />
                <SequencePoint vc="0" uspid="3" ordinal="21" offset="580" sl="145" sc="17" el="145" ec="18" bec="0" bev="0" fileid="1" />
                <SequencePoint vc="0" uspid="2" ordinal="22" offset="582" sl="147" sc="17" el="147" ec="89" bec="0" bev="0" fileid="1" />
                <SequencePoint vc="0" uspid="1" ordinal="23" offset="596" sl="148" sc="17" el="148" ec="18" bec="0" bev="0" fileid="1" />
              </SequencePoints>
              <BranchPoints>
                <BranchPoint vc="0" uspid="0" ordinal="0" offset="19" sl="116" path="0" offsetchain="44" offsetend="196" fileid="1" />
                <BranchPoint vc="0" uspid="1" ordinal="1" offset="19" sl="116" path="1" offsetend="49" fileid="1" />
                <BranchPoint vc="0" uspid="2" ordinal="2" offset="19" sl="116" path="2" offsetend="113" fileid="1" />
                <BranchPoint vc="0" uspid="3" ordinal="3" offset="19" sl="116" path="3" offsetend="256" fileid="1" />
                <BranchPoint vc="0" uspid="4" ordinal="4" offset="19" sl="116" path="4" offsetend="311" fileid="1" />
                <BranchPoint vc="0" uspid="5" ordinal="5" offset="76" sl="116" path="0" offsetend="81" fileid="1" />
                <BranchPoint vc="0" uspid="6" ordinal="6" offset="76" sl="116" path="1" offsetend="386" fileid="1" />
                <BranchPoint vc="0" uspid="7" ordinal="7" offset="88" sl="116" path="0" offsetchain="90" offsetend="329" fileid="1" />
                <BranchPoint vc="0" uspid="8" ordinal="8" offset="88" sl="116" path="1" offsetchain="95" offsetend="404" fileid="1" />
                <BranchPoint vc="0" uspid="9" ordinal="9" offset="141" sl="116" path="0" offsetend="146" fileid="1" />
                <BranchPoint vc="0" uspid="10" ordinal="10" offset="141" sl="116" path="1" offsetend="386" fileid="1" />
                <BranchPoint vc="0" uspid="11" ordinal="11" offset="153" sl="116" path="0" offsetchain="155" offsetend="347" fileid="1" />
                <BranchPoint vc="0" uspid="12" ordinal="12" offset="153" sl="116" path="1" offsetchain="178" offsetend="505" fileid="1" />
                <BranchPoint vc="0" uspid="13" ordinal="13" offset="429" sl="133" path="0" offsetend="431" fileid="1" />
                <BranchPoint vc="0" uspid="14" ordinal="14" offset="429" sl="133" path="1" offsetend="461" fileid="1" />
                <BranchPoint vc="0" uspid="15" ordinal="15" offset="562" sl="143" path="0" offsetend="564" fileid="1" />
                <BranchPoint vc="0" uspid="16" ordinal="16" offset="562" sl="143" path="1" offsetend="582" fileid="1" />
              </BranchPoints>
              <MethodPoint xsi:type="SequencePoint" vc="0" uspid="24" ordinal="0" offset="0" sl="116" sc="9" el="116" ec="41" bec="13" bev="0" fileid="1" />
            </Method>
            <Method visited="false" cyclomaticComplexity="10" nPathComplexity="512" sequenceCoverage="0" branchCoverage="0" isConstructor="false" isStatic="true" isGetter="false" isSetter="false" crapScore="110">
              <Summary numSequencePoints="30" visitedSequencePoints="0" numBranchPoints="19" visitedBranchPoints="0" sequenceCoverage="0" branchCoverage="0" maxCyclomaticComplexity="10" minCyclomaticComplexity="10" visitedClasses="0" numClasses="0" visitedMethods="0" numMethods="1" minCrapScore="110" maxCrapScore="110" />
              <MetadataToken>100663300</MetadataToken>
              <Name>System.Int32 ImageProcessing.Main::main(System.String[])</Name>
              <FileRef uid="1" />
              <SequencePoints>
                <SequencePoint vc="0" uspid="54" ordinal="0" offset="0" sl="157" sc="9" el="163" ec="14" bec="0" bev="0" fileid="1" />
                <SequencePoint vc="0" uspid="53" ordinal="1" offset="23" sl="165" sc="9" el="165" ec="83" bec="0" bev="0" fileid="1" />
                <SequencePoint vc="0" uspid="52" ordinal="2" offset="39" sl="167" sc="9" el="167" ec="51" bec="0" bev="0" fileid="1" />
                <SequencePoint vc="0" uspid="51" ordinal="3" offset="55" sl="170" sc="13" el="170" ec="66" bec="2" bev="0" fileid="1" />
                <SequencePoint vc="0" uspid="50" ordinal="4" offset="225" sl="172" sc="17" el="172" ec="47" bec="2" bev="0" fileid="1" />
                <SequencePoint vc="0" uspid="49" ordinal="5" offset="235" sl="173" sc="21" el="173" ec="43" bec="0" bev="0" fileid="1" />
                <SequencePoint vc="0" uspid="48" ordinal="6" offset="245" sl="174" sc="17" el="174" ec="59" bec="0" bev="0" fileid="1" />
                <SequencePoint vc="0" uspid="47" ordinal="7" offset="246" sl="174" sc="22" el="174" ec="39" bec="2" bev="0" fileid="1" />
                <SequencePoint vc="0" uspid="46" ordinal="8" offset="255" sl="174" sc="43" el="174" ec="54" bec="2" bev="0" fileid="1" />
                <SequencePoint vc="0" uspid="45" ordinal="9" offset="269" sl="175" sc="21" el="175" ec="41" bec="0" bev="0" fileid="1" />
                <SequencePoint vc="0" uspid="44" ordinal="10" offset="279" sl="176" sc="17" el="176" ec="44" bec="2" bev="0" fileid="1" />
                <SequencePoint vc="0" uspid="43" ordinal="11" offset="289" sl="177" sc="21" el="177" ec="46" bec="0" bev="0" fileid="1" />
                <SequencePoint vc="0" uspid="42" ordinal="12" offset="299" sl="179" sc="21" el="179" ec="45" bec="0" bev="0" fileid="1" />
                <SequencePoint vc="0" uspid="41" ordinal="13" offset="309" sl="180" sc="23" el="180" ec="44" bec="0" bev="0" fileid="1" />
                <SequencePoint vc="0" uspid="40" ordinal="14" offset="316" sl="183" sc="13" el="183" ec="67" bec="2" bev="0" fileid="1" />
                <SequencePoint vc="0" uspid="39" ordinal="15" offset="486" sl="185" sc="17" el="185" ec="48" bec="2" bev="0" fileid="1" />
                <SequencePoint vc="0" uspid="38" ordinal="16" offset="496" sl="186" sc="21" el="186" ec="45" bec="0" bev="0" fileid="1" />
                <SequencePoint vc="0" uspid="37" ordinal="17" offset="506" sl="188" sc="21" el="188" ec="47" bec="0" bev="0" fileid="1" />
                <SequencePoint vc="0" uspid="36" ordinal="18" offset="516" sl="189" sc="23" el="189" ec="45" bec="0" bev="0" fileid="1" />
                <SequencePoint vc="0" uspid="35" ordinal="19" offset="524" sl="191" sc="9" el="191" ec="65" bec="0" bev="0" fileid="1" />
                <SequencePoint vc="0" uspid="34" ordinal="20" offset="710" sl="193" sc="9" el="193" ec="51" bec="0" bev="0" fileid="1" />
                <SequencePoint vc="0" uspid="33" ordinal="21" offset="879" sl="196" sc="13" el="196" ec="61" bec="0" bev="0" fileid="1" />
                <SequencePoint vc="0" uspid="32" ordinal="22" offset="1047" sl="198" sc="13" el="198" ec="36" bec="2" bev="0" fileid="1" />
                <SequencePoint vc="0" uspid="31" ordinal="23" offset="1070" sl="199" sc="29" el="199" ec="34" bec="0" bev="0" fileid="1" />
                <SequencePoint vc="0" uspid="30" ordinal="24" offset="1075" sl="200" sc="23" el="200" ec="25" bec="0" bev="0" fileid="1" />
                <SequencePoint vc="0" uspid="29" ordinal="25" offset="1079" sl="202" sc="9" el="202" ec="29" bec="2" bev="0" fileid="1" />
                <SequencePoint vc="0" uspid="28" ordinal="26" offset="1084" sl="203" sc="13" el="203" ec="53" bec="0" bev="0" fileid="1" />
                <SequencePoint vc="0" uspid="27" ordinal="27" offset="1100" sl="204" sc="13" el="204" ec="14" bec="0" bev="0" fileid="1" />
                <SequencePoint vc="0" uspid="26" ordinal="28" offset="1102" sl="206" sc="13" el="206" ec="79" bec="0" bev="0" fileid="1" />
                <SequencePoint vc="0" uspid="25" ordinal="29" offset="1118" sl="206" sc="83" el="206" ec="87" bec="0" bev="0" fileid="1" />
              </SequencePoints>
              <BranchPoints>
                <BranchPoint vc="0" uspid="17" ordinal="0" offset="208" sl="170" path="0" offsetchain="210" offsetend="309" fileid="1" />
                <BranchPoint vc="0" uspid="18" ordinal="1" offset="208" sl="170" path="1" offsetend="212" fileid="1" />
                <BranchPoint vc="0" uspid="19" ordinal="2" offset="233" sl="172" path="0" offsetend="235" fileid="1" />
                <BranchPoint vc="0" uspid="20" ordinal="3" offset="233" sl="172" path="1" offsetend="245" fileid="1" />
                <BranchPoint vc="0" uspid="21" ordinal="4" offset="253" sl="174" path="0" offsetend="255" fileid="1" />
                <BranchPoint vc="0" uspid="22" ordinal="5" offset="253" sl="174" path="1" offsetend="265" fileid="1" />
                <BranchPoint vc="0" uspid="23" ordinal="6" offset="267" sl="174" path="0" offsetend="269" fileid="1" />
                <BranchPoint vc="0" uspid="24" ordinal="7" offset="267" sl="174" path="1" offsetend="279" fileid="1" />
                <BranchPoint vc="0" uspid="25" ordinal="8" offset="287" sl="176" path="0" offsetend="289" fileid="1" />
                <BranchPoint vc="0" uspid="26" ordinal="9" offset="287" sl="176" path="1" offsetend="299" fileid="1" />
                <BranchPoint vc="0" uspid="27" ordinal="10" offset="469" sl="183" path="0" offsetchain="471" offsetend="516" fileid="1" />
                <BranchPoint vc="0" uspid="28" ordinal="11" offset="469" sl="183" path="1" offsetend="473" fileid="1" />
                <BranchPoint vc="0" uspid="29" ordinal="12" offset="494" sl="185" path="0" offsetend="496" fileid="1" />
                <BranchPoint vc="0" uspid="30" ordinal="13" offset="494" sl="185" path="1" offsetend="506" fileid="1" />
                <BranchPoint vc="0" uspid="31" ordinal="14" offset="1053" sl="198" path="0" offsetchain="1055" offsetend="1075" fileid="1" />
                <BranchPoint vc="0" uspid="32" ordinal="15" offset="1053" sl="198" path="1" offsetend="1057" fileid="1" />
                <BranchPoint vc="0" uspid="33" ordinal="16" offset="1082" sl="202" path="0" offsetend="1084" fileid="1" />
                <BranchPoint vc="0" uspid="34" ordinal="17" offset="1082" sl="202" path="1" offsetend="1102" fileid="1" />
              </BranchPoints>
              <MethodPoint xsi:type="SequencePoint" vc="0" uspid="54" ordinal="0" offset="0" sl="157" sc="9" el="163" ec="14" bec="0" bev="0" fileid="1" />
            </Method>
            <Method visited="false" cyclomaticComplexity="1" nPathComplexity="0" sequenceCoverage="0" branchCoverage="0" isConstructor="true" isStatic="true" isGetter="false" isSetter="false" crapScore="2">
              <Summary numSequencePoints="0" visitedSequencePoints="0" numBranchPoints="0" visitedBranchPoints="0" sequenceCoverage="0" branchCoverage="0" maxCyclomaticComplexity="1" minCyclomaticComplexity="1" visitedClasses="0" numClasses="0" visitedMethods="0" numMethods="0" minCrapScore="2" maxCrapScore="2" />
              <MetadataToken>100663301</MetadataToken>
              <Name>System.Void ImageProcessing.Main::.cctor()</Name>
              <SequencePoints />
              <BranchPoints />
              <MethodPoint vc="0" uspid="100663301" ordinal="0" offset="0" />
            </Method>
          </Methods>
        </Class>
        <Class>
          <Summary numSequencePoints="6" visitedSequencePoints="0" numBranchPoints="6" visitedBranchPoints="0" sequenceCoverage="0" branchCoverage="0" maxCyclomaticComplexity="5" minCyclomaticComplexity="1" visitedClasses="0" numClasses="1" visitedMethods="0" numMethods="1" minCrapScore="30" maxCrapScore="30" />
          <FullName>ImageProcessing.Main/Arguments</FullName>
          <Methods>
            <Method visited="false" cyclomaticComplexity="5" nPathComplexity="5" sequenceCoverage="0" branchCoverage="0" isConstructor="false" isStatic="false" isGetter="false" isSetter="false" crapScore="30">
              <Summary numSequencePoints="6" visitedSequencePoints="0" numBranchPoints="6" visitedBranchPoints="0" sequenceCoverage="0" branchCoverage="0" maxCyclomaticComplexity="5" minCyclomaticComplexity="5" visitedClasses="0" numClasses="0" visitedMethods="0" numMethods="1" minCrapScore="30" maxCrapScore="30" />
              <MetadataToken>100663322</MetadataToken>
              <Name>System.String ImageProcessing.Main/Arguments::Argu.IArgParserTemplate.get_Usage()</Name>
              <FileRef uid="1" />
              <SequencePoints>
                <SequencePoint vc="0" uspid="60" ordinal="0" offset="2" sl="25" sc="17" el="25" ec="29" bec="5" bev="0" fileid="1" />
                <SequencePoint vc="0" uspid="59" ordinal="1" offset="42" sl="26" sc="40" el="26" ec="80" bec="0" bev="0" fileid="1" />
                <SequencePoint vc="0" uspid="58" ordinal="2" offset="55" sl="27" sc="33" el="27" ec="66" bec="0" bev="0" fileid="1" />
                <SequencePoint vc="0" uspid="57" ordinal="3" offset="69" sl="29" sc="21" el="29" ec="116" bec="0" bev="0" fileid="1" />
                <SequencePoint vc="0" uspid="56" ordinal="4" offset="83" sl="30" sc="30" el="30" ec="108" bec="0" bev="0" fileid="1" />
                <SequencePoint vc="0" uspid="55" ordinal="5" offset="97" sl="31" sc="31" el="31" ec="69" bec="0" bev="0" fileid="1" />
              </SequencePoints>
              <BranchPoints>
                <BranchPoint vc="0" uspid="35" ordinal="0" offset="10" sl="25" path="0" offsetend="35" fileid="1" />
                <BranchPoint vc="0" uspid="36" ordinal="1" offset="10" sl="25" path="1" offsetend="48" fileid="1" />
                <BranchPoint vc="0" uspid="37" ordinal="2" offset="10" sl="25" path="2" offsetend="61" fileid="1" />
                <BranchPoint vc="0" uspid="38" ordinal="3" offset="10" sl="25" path="3" offsetend="75" fileid="1" />
                <BranchPoint vc="0" uspid="39" ordinal="4" offset="10" sl="25" path="4" offsetend="89" fileid="1" />
              </BranchPoints>
              <MethodPoint xsi:type="SequencePoint" vc="0" uspid="60" ordinal="0" offset="2" sl="25" sc="17" el="25" ec="29" bec="5" bev="0" fileid="1" />
            </Method>
          </Methods>
        </Class>
        <Class>
          <Summary numSequencePoints="0" visitedSequencePoints="0" numBranchPoints="0" visitedBranchPoints="0" sequenceCoverage="0" branchCoverage="0" maxCyclomaticComplexity="0" minCyclomaticComplexity="0" visitedClasses="0" numClasses="0" visitedMethods="0" numMethods="0" minCrapScore="0" maxCrapScore="0" />
          <FullName>ImageProcessing.Main/imgFiles@141</FullName>
          <Methods>
            <Method visited="false" cyclomaticComplexity="1" nPathComplexity="0" sequenceCoverage="0" branchCoverage="0" isConstructor="false" isStatic="false" isGetter="false" isSetter="false" crapScore="2">
              <Summary numSequencePoints="0" visitedSequencePoints="0" numBranchPoints="0" visitedBranchPoints="0" sequenceCoverage="0" branchCoverage="0" maxCyclomaticComplexity="1" minCyclomaticComplexity="1" visitedClasses="0" numClasses="0" visitedMethods="0" numMethods="0" minCrapScore="2" maxCrapScore="2" />
              <MetadataToken>100663414</MetadataToken>
              <Name>System.Boolean ImageProcessing.Main/imgFiles@141::Invoke(System.String)</Name>
              <SequencePoints />
              <BranchPoints />
              <MethodPoint vc="0" uspid="100663414" ordinal="0" offset="0" />
            </Method>
            <Method visited="false" cyclomaticComplexity="1" nPathComplexity="0" sequenceCoverage="0" branchCoverage="0" isConstructor="true" isStatic="true" isGetter="false" isSetter="false" crapScore="2">
              <Summary numSequencePoints="0" visitedSequencePoints="0" numBranchPoints="0" visitedBranchPoints="0" sequenceCoverage="0" branchCoverage="0" maxCyclomaticComplexity="1" minCyclomaticComplexity="1" visitedClasses="0" numClasses="0" visitedMethods="0" numMethods="0" minCrapScore="2" maxCrapScore="2" />
              <MetadataToken>100663415</MetadataToken>
              <Name>System.Void ImageProcessing.Main/imgFiles@141::.cctor()</Name>
              <SequencePoints />
              <BranchPoints />
              <MethodPoint vc="0" uspid="100663415" ordinal="0" offset="0" />
            </Method>
          </Methods>
        </Class>
        <Class>
          <Summary numSequencePoints="2" visitedSequencePoints="0" numBranchPoints="1" visitedBranchPoints="0" sequenceCoverage="0" branchCoverage="0" maxCyclomaticComplexity="3" minCyclomaticComplexity="1" visitedClasses="0" numClasses="1" visitedMethods="0" numMethods="1" minCrapScore="12" maxCrapScore="12" />
          <FullName>ImageProcessing.Main/errorHandler@160</FullName>
          <Methods>
            <Method visited="false" cyclomaticComplexity="3" nPathComplexity="0" sequenceCoverage="0" branchCoverage="0" isConstructor="false" isStatic="false" isGetter="false" isSetter="false" crapScore="12">
              <Summary numSequencePoints="2" visitedSequencePoints="0" numBranchPoints="1" visitedBranchPoints="0" sequenceCoverage="0" branchCoverage="0" maxCyclomaticComplexity="3" minCyclomaticComplexity="3" visitedClasses="0" numClasses="0" visitedMethods="0" numMethods="1" minCrapScore="12" maxCrapScore="12" />
              <MetadataToken>100663417</MetadataToken>
              <Name>Microsoft.FSharp.Core.FSharpOption`1&lt;System.ConsoleColor&gt; ImageProcessing.Main/errorHandler@160::Invoke(Argu.ErrorCode)</Name>
              <FileRef uid="1" />
              <SequencePoints>
                <SequencePoint vc="0" uspid="62" ordinal="0" offset="12" sl="161" sc="45" el="161" ec="49" bec="0" bev="0" fileid="1" />
                <SequencePoint vc="0" uspid="61" ordinal="1" offset="14" sl="162" sc="28" el="162" ec="57" bec="0" bev="0" fileid="1" />
              </SequencePoints>
              <BranchPoints />
              <MethodPoint xsi:type="SequencePoint" vc="0" uspid="62" ordinal="0" offset="12" sl="161" sc="45" el="161" ec="49" bec="0" bev="0" fileid="1" />
            </Method>
            <Method visited="false" cyclomaticComplexity="1" nPathComplexity="0" sequenceCoverage="0" branchCoverage="0" isConstructor="true" isStatic="true" isGetter="false" isSetter="false" crapScore="2">
              <Summary numSequencePoints="0" visitedSequencePoints="0" numBranchPoints="0" visitedBranchPoints="0" sequenceCoverage="0" branchCoverage="0" maxCyclomaticComplexity="1" minCyclomaticComplexity="1" visitedClasses="0" numClasses="0" visitedMethods="0" numMethods="0" minCrapScore="2" maxCrapScore="2" />
              <MetadataToken>100663418</MetadataToken>
              <Name>System.Void ImageProcessing.Main/errorHandler@160::.cctor()</Name>
              <SequencePoints />
              <BranchPoints />
              <MethodPoint vc="0" uspid="100663418" ordinal="0" offset="0" />
            </Method>
          </Methods>
        </Class>
        <Class>
          <Summary numSequencePoints="1" visitedSequencePoints="0" numBranchPoints="1" visitedBranchPoints="0" sequenceCoverage="0" branchCoverage="0" maxCyclomaticComplexity="1" minCyclomaticComplexity="1" visitedClasses="0" numClasses="1" visitedMethods="0" numMethods="1" minCrapScore="2" maxCrapScore="2" />
          <FullName>&lt;StartupCode$ImageProcessing&gt;.$Main</FullName>
          <Methods>
            <Method visited="false" cyclomaticComplexity="1" nPathComplexity="0" sequenceCoverage="0" branchCoverage="0" isConstructor="true" isStatic="true" isGetter="false" isSetter="false" crapScore="2">
              <Summary numSequencePoints="1" visitedSequencePoints="0" numBranchPoints="1" visitedBranchPoints="0" sequenceCoverage="0" branchCoverage="0" maxCyclomaticComplexity="1" minCyclomaticComplexity="1" visitedClasses="0" numClasses="0" visitedMethods="0" numMethods="1" minCrapScore="2" maxCrapScore="2" />
              <MetadataToken>100663419</MetadataToken>
              <Name>System.Void &lt;StartupCode$ImageProcessing&gt;.$Main::.cctor()</Name>
              <FileRef uid="1" />
              <SequencePoints>
                <SequencePoint vc="0" uspid="63" ordinal="0" offset="0" sl="78" sc="5" el="89" ec="26" bec="0" bev="0" fileid="1" />
              </SequencePoints>
              <BranchPoints />
              <MethodPoint xsi:type="SequencePoint" vc="0" uspid="63" ordinal="0" offset="0" sl="78" sc="5" el="89" ec="26" bec="0" bev="0" fileid="1" />
            </Method>
          </Methods>
        </Class>
        <Class>
          <Summary numSequencePoints="23" visitedSequencePoints="0" numBranchPoints="12" visitedBranchPoints="0" sequenceCoverage="0" branchCoverage="0" maxCyclomaticComplexity="8" minCyclomaticComplexity="1" visitedClasses="0" numClasses="1" visitedMethods="0" numMethods="2" minCrapScore="2" maxCrapScore="72" />
          <FullName>ImageProcessing.Streaming</FullName>
          <Methods>
            <Method visited="false" cyclomaticComplexity="1" nPathComplexity="0" sequenceCoverage="0" branchCoverage="0" isConstructor="false" isStatic="true" isGetter="false" isSetter="false" crapScore="2">
              <Summary numSequencePoints="1" visitedSequencePoints="0" numBranchPoints="1" visitedBranchPoints="0" sequenceCoverage="0" branchCoverage="0" maxCyclomaticComplexity="1" minCyclomaticComplexity="1" visitedClasses="0" numClasses="0" visitedMethods="0" numMethods="1" minCrapScore="2" maxCrapScore="2" />
              <MetadataToken>100663420</MetadataToken>
              <Name>System.String[] ImageProcessing.Streaming::listAllFiles(System.String)</Name>
              <FileRef uid="2" />
              <SequencePoints>
                <SequencePoint vc="0" uspid="64" ordinal="0" offset="0" sl="18" sc="24" el="18" ec="56" bec="0" bev="0" fileid="2" />
              </SequencePoints>
              <BranchPoints />
              <MethodPoint xsi:type="SequencePoint" vc="0" uspid="64" ordinal="0" offset="0" sl="18" sc="24" el="18" ec="56" bec="0" bev="0" fileid="2" />
            </Method>
            <Method visited="false" cyclomaticComplexity="8" nPathComplexity="24" sequenceCoverage="0" branchCoverage="0" isConstructor="false" isStatic="true" isGetter="false" isSetter="false" crapScore="72">
              <Summary numSequencePoints="22" visitedSequencePoints="0" numBranchPoints="11" visitedBranchPoints="0" sequenceCoverage="0" branchCoverage="0" maxCyclomaticComplexity="8" minCyclomaticComplexity="8" visitedClasses="0" numClasses="0" visitedMethods="0" numMethods="1" minCrapScore="72" maxCrapScore="72" />
              <MetadataToken>100663421</MetadataToken>
              <Name>System.Void ImageProcessing.Streaming::processAllFiles(ImageProcessing.RunStrategy/RunStrategy,System.UInt32,System.Collections.Generic.IEnumerable`1&lt;System.String&gt;,System.String,Microsoft.FSharp.Collections.FSharpList`1&lt;ImageProcessing.Transformation/Transformation&gt;)</Name>
              <FileRef uid="2" />
              <SequencePoints>
                <SequencePoint vc="0" uspid="86" ordinal="0" offset="0" sl="31" sc="5" el="31" ec="25" bec="2" bev="0" fileid="2" />
                <SequencePoint vc="0" uspid="85" ordinal="1" offset="4" sl="32" sc="9" el="32" ec="49" bec="0" bev="0" fileid="2" />
                <SequencePoint vc="0" uspid="84" ordinal="2" offset="18" sl="35" sc="5" el="35" ec="49" bec="0" bev="0" fileid="2" />
                <SequencePoint vc="0" uspid="83" ordinal="3" offset="25" sl="38" sc="5" el="38" ec="26" bec="0" bev="0" fileid="2" />
                <SequencePoint vc="0" uspid="82" ordinal="4" offset="31" sl="39" sc="5" el="39" ec="19" bec="0" bev="0" fileid="2" />
                <SequencePoint vc="0" uspid="81" ordinal="5" offset="38" sl="43" sc="9" el="43" ec="35" bec="2" bev="0" fileid="2" />
                <SequencePoint vc="0" uspid="80" ordinal="6" offset="46" sl="44" sc="13" el="44" ec="78" bec="0" bev="0" fileid="2" />
                <SequencePoint vc="0" uspid="79" ordinal="7" offset="58" sl="45" sc="13" el="45" ec="36" bec="0" bev="0" fileid="2" />
                <SequencePoint vc="0" uspid="78" ordinal="8" offset="67" sl="47" sc="13" el="47" ec="24" bec="0" bev="0" fileid="2" />
                <SequencePoint vc="0" uspid="77" ordinal="9" offset="94" sl="161" sc="5" el="161" ec="34" bec="6" bev="0" fileid="2" />
                <SequencePoint vc="0" uspid="76" ordinal="10" offset="130" sl="163" sc="9" el="163" ec="75" bec="0" bev="0" fileid="2" />
                <SequencePoint vc="0" uspid="75" ordinal="11" offset="140" sl="164" sc="9" el="164" ec="43" bec="0" bev="0" fileid="2" />
                <SequencePoint vc="0" uspid="74" ordinal="12" offset="153" sl="167" sc="9" el="167" ec="75" bec="0" bev="0" fileid="2" />
                <SequencePoint vc="0" uspid="73" ordinal="13" offset="163" sl="168" sc="9" el="168" ec="44" bec="0" bev="0" fileid="2" />
                <SequencePoint vc="0" uspid="72" ordinal="14" offset="176" sl="171" sc="9" el="171" ec="75" bec="0" bev="0" fileid="2" />
                <SequencePoint vc="0" uspid="71" ordinal="15" offset="186" sl="172" sc="9" el="172" ec="52" bec="0" bev="0" fileid="2" />
                <SequencePoint vc="0" uspid="70" ordinal="16" offset="200" sl="175" sc="9" el="176" ec="91" bec="0" bev="0" fileid="2" />
                <SequencePoint vc="0" uspid="69" ordinal="17" offset="219" sl="178" sc="9" el="178" ec="43" bec="0" bev="0" fileid="2" />
                <SequencePoint vc="0" uspid="68" ordinal="18" offset="232" sl="181" sc="9" el="182" ec="91" bec="0" bev="0" fileid="2" />
                <SequencePoint vc="0" uspid="67" ordinal="19" offset="251" sl="184" sc="9" el="184" ec="44" bec="0" bev="0" fileid="2" />
                <SequencePoint vc="0" uspid="66" ordinal="20" offset="264" sl="187" sc="9" el="188" ec="91" bec="0" bev="0" fileid="2" />
                <SequencePoint vc="0" uspid="65" ordinal="21" offset="283" sl="190" sc="9" el="190" ec="52" bec="0" bev="0" fileid="2" />
              </SequencePoints>
              <BranchPoints>
                <BranchPoint vc="0" uspid="40" ordinal="0" offset="2" sl="31" path="0" offsetend="4" fileid="2" />
                <BranchPoint vc="0" uspid="41" ordinal="1" offset="2" sl="31" path="1" offsetend="17" fileid="2" />
                <BranchPoint vc="0" uspid="42" ordinal="2" offset="44" sl="43" path="0" offsetend="46" fileid="2" />
                <BranchPoint vc="0" uspid="43" ordinal="3" offset="44" sl="43" path="1" offsetend="67" fileid="2" />
                <BranchPoint vc="0" uspid="44" ordinal="4" offset="101" sl="161" path="0" offsetend="130" fileid="2" />
                <BranchPoint vc="0" uspid="45" ordinal="5" offset="101" sl="161" path="1" offsetend="200" fileid="2" />
                <BranchPoint vc="0" uspid="46" ordinal="6" offset="101" sl="161" path="2" offsetend="153" fileid="2" />
                <BranchPoint vc="0" uspid="47" ordinal="7" offset="101" sl="161" path="3" offsetend="176" fileid="2" />
                <BranchPoint vc="0" uspid="48" ordinal="8" offset="101" sl="161" path="4" offsetend="232" fileid="2" />
                <BranchPoint vc="0" uspid="49" ordinal="9" offset="101" sl="161" path="5" offsetend="264" fileid="2" />
              </BranchPoints>
              <MethodPoint xsi:type="SequencePoint" vc="0" uspid="86" ordinal="0" offset="0" sl="31" sc="5" el="31" ec="25" bec="2" bev="0" fileid="2" />
            </Method>
          </Methods>
        </Class>
        <Class>
          <Summary numSequencePoints="14" visitedSequencePoints="0" numBranchPoints="3" visitedBranchPoints="0" sequenceCoverage="0" branchCoverage="0" maxCyclomaticComplexity="3" minCyclomaticComplexity="1" visitedClasses="0" numClasses="1" visitedMethods="0" numMethods="1" minCrapScore="12" maxCrapScore="12" />
          <FullName>ImageProcessing.Streaming/naive@58</FullName>
          <Methods>
            <Method visited="false" cyclomaticComplexity="3" nPathComplexity="2" sequenceCoverage="0" branchCoverage="0" isConstructor="false" isStatic="false" isGetter="false" isSetter="false" crapScore="12">
              <Summary numSequencePoints="14" visitedSequencePoints="0" numBranchPoints="3" visitedBranchPoints="0" sequenceCoverage="0" branchCoverage="0" maxCyclomaticComplexity="3" minCyclomaticComplexity="3" visitedClasses="0" numClasses="0" visitedMethods="0" numMethods="1" minCrapScore="12" maxCrapScore="12" />
              <MetadataToken>100663423</MetadataToken>
              <Name>Microsoft.FSharp.Core.Unit ImageProcessing.Streaming/naive@58::Invoke(System.Collections.Generic.IEnumerable`1&lt;System.String&gt;,System.String,Microsoft.FSharp.Core.FSharpFunc`2&lt;ImageProcessing.ImageProcessing/HelpProviders/Image,ImageProcessing.ImageProcessing/HelpProviders/Image&gt;)</Name>
              <FileRef uid="2" />
              <SequencePoints>
                <SequencePoint vc="0" uspid="100" ordinal="0" offset="0" sl="58" sc="9" el="58" ec="45" bec="0" bev="0" fileid="2" />
                <SequencePoint vc="0" uspid="99" ordinal="1" offset="6" sl="61" sc="9" el="61" ec="12" bec="0" bev="0" fileid="2" />
                <SequencePoint vc="0" uspid="98" ordinal="2" offset="8" sl="61" sc="21" el="61" ec="26" bec="0" bev="0" fileid="2" />
                <SequencePoint vc="0" uspid="97" ordinal="3" offset="27" sl="62" sc="13" el="62" ec="39" bec="0" bev="0" fileid="2" />
                <SequencePoint vc="0" uspid="96" ordinal="4" offset="35" sl="63" sc="13" el="63" ec="81" bec="0" bev="0" fileid="2" />
                <SequencePoint vc="0" uspid="95" ordinal="5" offset="105" sl="65" sc="13" el="65" ec="74" bec="0" bev="0" fileid="2" />
                <SequencePoint vc="0" uspid="94" ordinal="6" offset="175" sl="66" sc="13" el="66" ec="45" bec="0" bev="0" fileid="2" />
                <SequencePoint vc="0" uspid="93" ordinal="7" offset="185" sl="68" sc="13" el="68" ec="70" bec="0" bev="0" fileid="2" />
                <SequencePoint vc="0" uspid="92" ordinal="8" offset="255" sl="69" sc="13" el="69" ec="55" bec="0" bev="0" fileid="2" />
                <SequencePoint vc="0" uspid="91" ordinal="9" offset="276" sl="70" sc="13" el="70" ec="85" bec="0" bev="0" fileid="2" />
                <SequencePoint vc="0" uspid="90" ordinal="10" offset="346" sl="61" sc="18" el="61" ec="20" bec="2" bev="0" fileid="2" />
                <SequencePoint vc="0" uspid="89" ordinal="11" offset="380" sl="73" sc="9" el="73" ec="25" bec="0" bev="0" fileid="2" />
                <SequencePoint vc="0" uspid="88" ordinal="12" offset="386" sl="75" sc="9" el="75" ec="89" bec="0" bev="0" fileid="2" />
                <SequencePoint vc="0" uspid="87" ordinal="13" offset="447" sl="77" sc="9" el="77" ec="22" bec="0" bev="0" fileid="2" />
              </SequencePoints>
              <BranchPoints>
                <BranchPoint vc="0" uspid="50" ordinal="0" offset="352" sl="61" path="0" offsetend="357" fileid="2" />
                <BranchPoint vc="0" uspid="51" ordinal="1" offset="352" sl="61" path="1" offsetend="20" fileid="2" />
              </BranchPoints>
              <MethodPoint xsi:type="SequencePoint" vc="0" uspid="100" ordinal="0" offset="0" sl="58" sc="9" el="58" ec="45" bec="0" bev="0" fileid="2" />
            </Method>
          </Methods>
        </Class>
        <Class>
          <Summary numSequencePoints="3" visitedSequencePoints="0" numBranchPoints="1" visitedBranchPoints="0" sequenceCoverage="0" branchCoverage="0" maxCyclomaticComplexity="1" minCyclomaticComplexity="1" visitedClasses="0" numClasses="1" visitedMethods="0" numMethods="1" minCrapScore="2" maxCrapScore="2" />
          <FullName>ImageProcessing.Streaming/async1@97-1</FullName>
          <Methods>
            <Method visited="false" cyclomaticComplexity="1" nPathComplexity="0" sequenceCoverage="0" branchCoverage="0" isConstructor="false" isStatic="false" isGetter="false" isSetter="false" crapScore="2">
              <Summary numSequencePoints="3" visitedSequencePoints="0" numBranchPoints="1" visitedBranchPoints="0" sequenceCoverage="0" branchCoverage="0" maxCyclomaticComplexity="1" minCyclomaticComplexity="1" visitedClasses="0" numClasses="0" visitedMethods="0" numMethods="1" minCrapScore="2" maxCrapScore="2" />
              <MetadataToken>100663425</MetadataToken>
              <Name>Microsoft.FSharp.Core.Unit ImageProcessing.Streaming/async1@97-1::Invoke(System.String)</Name>
              <FileRef uid="2" />
              <SequencePoints>
                <SequencePoint vc="0" uspid="103" ordinal="0" offset="0" sl="98" sc="17" el="98" ec="43" bec="0" bev="0" fileid="2" />
                <SequencePoint vc="0" uspid="102" ordinal="1" offset="7" sl="99" sc="17" el="99" ec="85" bec="0" bev="0" fileid="2" />
                <SequencePoint vc="0" uspid="101" ordinal="2" offset="77" sl="100" sc="17" el="100" ec="41" bec="0" bev="0" fileid="2" />
              </SequencePoints>
              <BranchPoints />
              <MethodPoint xsi:type="SequencePoint" vc="0" uspid="103" ordinal="0" offset="0" sl="98" sc="17" el="98" ec="43" bec="0" bev="0" fileid="2" />
            </Method>
          </Methods>
        </Class>
        <Class>
          <Summary numSequencePoints="10" visitedSequencePoints="0" numBranchPoints="1" visitedBranchPoints="0" sequenceCoverage="0" branchCoverage="0" maxCyclomaticComplexity="1" minCyclomaticComplexity="1" visitedClasses="0" numClasses="1" visitedMethods="0" numMethods="1" minCrapScore="2" maxCrapScore="2" />
          <FullName>ImageProcessing.Streaming/async1@87</FullName>
          <Methods>
            <Method visited="false" cyclomaticComplexity="1" nPathComplexity="0" sequenceCoverage="0" branchCoverage="0" isConstructor="false" isStatic="false" isGetter="false" isSetter="false" crapScore="2">
              <Summary numSequencePoints="10" visitedSequencePoints="0" numBranchPoints="1" visitedBranchPoints="0" sequenceCoverage="0" branchCoverage="0" maxCyclomaticComplexity="1" minCyclomaticComplexity="1" visitedClasses="0" numClasses="0" visitedMethods="0" numMethods="1" minCrapScore="2" maxCrapScore="2" />
              <MetadataToken>100663427</MetadataToken>
              <Name>Microsoft.FSharp.Core.Unit ImageProcessing.Streaming/async1@87::Invoke(System.Collections.Generic.IEnumerable`1&lt;System.String&gt;,System.String,Microsoft.FSharp.Core.FSharpFunc`2&lt;ImageProcessing.ImageProcessing/HelpProviders/Image,ImageProcessing.ImageProcessing/HelpProviders/Image&gt;)</Name>
              <FileRef uid="2" />
              <SequencePoints>
                <SequencePoint vc="0" uspid="113" ordinal="0" offset="0" sl="87" sc="9" el="87" ec="48" bec="0" bev="0" fileid="2" />
                <SequencePoint vc="0" uspid="112" ordinal="1" offset="14" sl="88" sc="9" el="88" ec="25" bec="0" bev="0" fileid="2" />
                <SequencePoint vc="0" uspid="111" ordinal="2" offset="21" sl="89" sc="9" el="89" ec="75" bec="0" bev="0" fileid="2" />
                <SequencePoint vc="0" uspid="110" ordinal="3" offset="36" sl="90" sc="9" el="90" ec="29" bec="0" bev="0" fileid="2" />
                <SequencePoint vc="0" uspid="109" ordinal="4" offset="43" sl="93" sc="9" el="93" ec="45" bec="0" bev="0" fileid="2" />
                <SequencePoint vc="0" uspid="108" ordinal="5" offset="49" sl="96" sc="9" el="101" ec="18" bec="0" bev="0" fileid="2" />
                <SequencePoint vc="0" uspid="107" ordinal="6" offset="68" sl="104" sc="9" el="104" ec="28" bec="0" bev="0" fileid="2" />
                <SequencePoint vc="0" uspid="106" ordinal="7" offset="75" sl="107" sc="9" el="107" ec="25" bec="0" bev="0" fileid="2" />
                <SequencePoint vc="0" uspid="105" ordinal="8" offset="81" sl="109" sc="9" el="109" ec="89" bec="0" bev="0" fileid="2" />
                <SequencePoint vc="0" uspid="104" ordinal="9" offset="141" sl="111" sc="9" el="111" ec="22" bec="0" bev="0" fileid="2" />
              </SequencePoints>
              <BranchPoints />
              <MethodPoint xsi:type="SequencePoint" vc="0" uspid="113" ordinal="0" offset="0" sl="87" sc="9" el="87" ec="48" bec="0" bev="0" fileid="2" />
            </Method>
          </Methods>
        </Class>
        <Class>
          <Summary numSequencePoints="3" visitedSequencePoints="0" numBranchPoints="1" visitedBranchPoints="0" sequenceCoverage="0" branchCoverage="0" maxCyclomaticComplexity="1" minCyclomaticComplexity="1" visitedClasses="0" numClasses="1" visitedMethods="0" numMethods="1" minCrapScore="2" maxCrapScore="2" />
          <FullName>ImageProcessing.Streaming/Pipe #1 stage #1 at line 129@129</FullName>
          <Methods>
            <Method visited="false" cyclomaticComplexity="1" nPathComplexity="0" sequenceCoverage="0" branchCoverage="0" isConstructor="false" isStatic="false" isGetter="false" isSetter="false" crapScore="2">
              <Summary numSequencePoints="3" visitedSequencePoints="0" numBranchPoints="1" visitedBranchPoints="0" sequenceCoverage="0" branchCoverage="0" maxCyclomaticComplexity="1" minCyclomaticComplexity="1" visitedClasses="0" numClasses="0" visitedMethods="0" numMethods="1" minCrapScore="2" maxCrapScore="2" />
              <MetadataToken>100663429</MetadataToken>
              <Name>ImageProcessing.ImageProcessing/HelpProviders/Image ImageProcessing.Streaming/Pipe #1 stage #1 at line 129@129::Invoke(System.String)</Name>
              <FileRef uid="2" />
              <SequencePoints>
                <SequencePoint vc="0" uspid="116" ordinal="0" offset="0" sl="130" sc="17" el="130" ec="43" bec="0" bev="0" fileid="2" />
                <SequencePoint vc="0" uspid="115" ordinal="1" offset="7" sl="131" sc="17" el="131" ec="85" bec="0" bev="0" fileid="2" />
                <SequencePoint vc="0" uspid="114" ordinal="2" offset="77" sl="132" sc="17" el="132" ec="20" bec="0" bev="0" fileid="2" />
              </SequencePoints>
              <BranchPoints />
              <MethodPoint xsi:type="SequencePoint" vc="0" uspid="116" ordinal="0" offset="0" sl="130" sc="17" el="130" ec="43" bec="0" bev="0" fileid="2" />
            </Method>
          </Methods>
        </Class>
        <Class>
          <Summary numSequencePoints="1" visitedSequencePoints="0" numBranchPoints="1" visitedBranchPoints="0" sequenceCoverage="0" branchCoverage="0" maxCyclomaticComplexity="1" minCyclomaticComplexity="1" visitedClasses="0" numClasses="1" visitedMethods="0" numMethods="1" minCrapScore="2" maxCrapScore="2" />
          <FullName>ImageProcessing.Streaming/agents@138</FullName>
          <Methods>
            <Method visited="false" cyclomaticComplexity="1" nPathComplexity="0" sequenceCoverage="0" branchCoverage="0" isConstructor="false" isStatic="false" isGetter="false" isSetter="false" crapScore="2">
              <Summary numSequencePoints="1" visitedSequencePoints="0" numBranchPoints="1" visitedBranchPoints="0" sequenceCoverage="0" branchCoverage="0" maxCyclomaticComplexity="1" minCyclomaticComplexity="1" visitedClasses="0" numClasses="0" visitedMethods="0" numMethods="1" minCrapScore="2" maxCrapScore="2" />
              <MetadataToken>100663431</MetadataToken>
              <Name>ImageProcessing.Agent/ProcessorAndSaver ImageProcessing.Streaming/agents@138::Invoke(System.Int32)</Name>
              <FileRef uid="2" />
              <SequencePoints>
                <SequencePoint vc="0" uspid="117" ordinal="0" offset="0" sl="138" sc="45" el="138" ec="103" bec="0" bev="0" fileid="2" />
              </SequencePoints>
              <BranchPoints />
              <MethodPoint xsi:type="SequencePoint" vc="0" uspid="117" ordinal="0" offset="0" sl="138" sc="45" el="138" ec="103" bec="0" bev="0" fileid="2" />
            </Method>
          </Methods>
        </Class>
        <Class>
          <Summary numSequencePoints="0" visitedSequencePoints="0" numBranchPoints="0" visitedBranchPoints="0" sequenceCoverage="0" branchCoverage="0" maxCyclomaticComplexity="0" minCyclomaticComplexity="0" visitedClasses="0" numClasses="0" visitedMethods="0" numMethods="0" minCrapScore="0" maxCrapScore="0" />
          <FullName>ImageProcessing.Streaming/async2@144-2</FullName>
          <Methods>
            <Method visited="false" cyclomaticComplexity="1" nPathComplexity="0" sequenceCoverage="0" branchCoverage="0" isConstructor="false" isStatic="false" isGetter="false" isSetter="false" crapScore="2">
              <Summary numSequencePoints="0" visitedSequencePoints="0" numBranchPoints="0" visitedBranchPoints="0" sequenceCoverage="0" branchCoverage="0" maxCyclomaticComplexity="1" minCyclomaticComplexity="1" visitedClasses="0" numClasses="0" visitedMethods="0" numMethods="0" minCrapScore="2" maxCrapScore="2" />
              <MetadataToken>100663433</MetadataToken>
              <Name>Microsoft.FSharp.Core.Unit ImageProcessing.Streaming/async2@144-2::Invoke(ImageProcessing.ImageProcessing/HelpProviders/Image)</Name>
              <SequencePoints />
              <BranchPoints />
              <MethodPoint vc="0" uspid="100663433" ordinal="0" offset="0" />
            </Method>
          </Methods>
        </Class>
        <Class>
          <Summary numSequencePoints="0" visitedSequencePoints="0" numBranchPoints="0" visitedBranchPoints="0" sequenceCoverage="0" branchCoverage="0" maxCyclomaticComplexity="0" minCyclomaticComplexity="0" visitedClasses="0" numClasses="0" visitedMethods="0" numMethods="0" minCrapScore="0" maxCrapScore="0" />
          <FullName>ImageProcessing.Streaming/async2@144-3</FullName>
          <Methods>
            <Method visited="false" cyclomaticComplexity="3" nPathComplexity="0" sequenceCoverage="0" branchCoverage="0" isConstructor="false" isStatic="false" isGetter="false" isSetter="false" crapScore="12">
              <Summary numSequencePoints="0" visitedSequencePoints="0" numBranchPoints="0" visitedBranchPoints="0" sequenceCoverage="0" branchCoverage="0" maxCyclomaticComplexity="3" minCyclomaticComplexity="3" visitedClasses="0" numClasses="0" visitedMethods="0" numMethods="0" minCrapScore="12" maxCrapScore="12" />
              <MetadataToken>100663435</MetadataToken>
              <Name>Microsoft.FSharp.Core.Unit ImageProcessing.Streaming/async2@144-3::Invoke(ImageProcessing.ImageProcessing/HelpProviders/Image[])</Name>
              <SequencePoints />
              <BranchPoints />
              <MethodPoint vc="0" uspid="100663435" ordinal="0" offset="0" />
            </Method>
          </Methods>
        </Class>
        <Class>
          <Summary numSequencePoints="2" visitedSequencePoints="0" numBranchPoints="1" visitedBranchPoints="0" sequenceCoverage="0" branchCoverage="0" maxCyclomaticComplexity="1" minCyclomaticComplexity="1" visitedClasses="0" numClasses="1" visitedMethods="0" numMethods="1" minCrapScore="2" maxCrapScore="2" />
          <FullName>ImageProcessing.Streaming/async2@142-1</FullName>
          <Methods>
            <Method visited="false" cyclomaticComplexity="1" nPathComplexity="0" sequenceCoverage="0" branchCoverage="0" isConstructor="false" isStatic="false" isGetter="false" isSetter="false" crapScore="2">
              <Summary numSequencePoints="2" visitedSequencePoints="0" numBranchPoints="1" visitedBranchPoints="0" sequenceCoverage="0" branchCoverage="0" maxCyclomaticComplexity="1" minCyclomaticComplexity="1" visitedClasses="0" numClasses="0" visitedMethods="0" numMethods="1" minCrapScore="2" maxCrapScore="2" />
              <MetadataToken>100663437</MetadataToken>
              <Name>Microsoft.FSharp.Core.FSharpFunc`2&lt;ImageProcessing.ImageProcessing/HelpProviders/Image[],Microsoft.FSharp.Core.Unit&gt; ImageProcessing.Streaming/async2@142-1::Invoke(System.Int32)</Name>
              <FileRef uid="2" />
              <SequencePoints>
                <SequencePoint vc="0" uspid="119" ordinal="0" offset="0" sl="143" sc="17" el="143" ec="36" bec="0" bev="0" fileid="2" />
                <SequencePoint vc="0" uspid="118" ordinal="1" offset="18" sl="144" sc="17" el="144" ec="52" bec="0" bev="0" fileid="2" />
              </SequencePoints>
              <BranchPoints />
              <MethodPoint xsi:type="SequencePoint" vc="0" uspid="119" ordinal="0" offset="0" sl="143" sc="17" el="143" ec="36" bec="0" bev="0" fileid="2" />
            </Method>
          </Methods>
        </Class>
        <Class>
          <Summary numSequencePoints="1" visitedSequencePoints="0" numBranchPoints="1" visitedBranchPoints="0" sequenceCoverage="0" branchCoverage="0" maxCyclomaticComplexity="1" minCyclomaticComplexity="1" visitedClasses="0" numClasses="1" visitedMethods="0" numMethods="1" minCrapScore="2" maxCrapScore="2" />
          <FullName>ImageProcessing.Streaming/async2@151-4</FullName>
          <Methods>
            <Method visited="false" cyclomaticComplexity="1" nPathComplexity="0" sequenceCoverage="0" branchCoverage="0" isConstructor="false" isStatic="false" isGetter="false" isSetter="false" crapScore="2">
              <Summary numSequencePoints="1" visitedSequencePoints="0" numBranchPoints="1" visitedBranchPoints="0" sequenceCoverage="0" branchCoverage="0" maxCyclomaticComplexity="1" minCyclomaticComplexity="1" visitedClasses="0" numClasses="0" visitedMethods="0" numMethods="1" minCrapScore="2" maxCrapScore="2" />
              <MetadataToken>100663439</MetadataToken>
              <Name>Microsoft.FSharp.Core.Unit ImageProcessing.Streaming/async2@151-4::Invoke(ImageProcessing.Agent/ProcessorAndSaver)</Name>
              <FileRef uid="2" />
              <SequencePoints>
                <SequencePoint vc="0" uspid="120" ordinal="0" offset="0" sl="151" sc="53" el="151" ec="65" bec="0" bev="0" fileid="2" />
              </SequencePoints>
              <BranchPoints />
              <MethodPoint xsi:type="SequencePoint" vc="0" uspid="120" ordinal="0" offset="0" sl="151" sc="53" el="151" ec="65" bec="0" bev="0" fileid="2" />
            </Method>
            <Method visited="false" cyclomaticComplexity="1" nPathComplexity="0" sequenceCoverage="0" branchCoverage="0" isConstructor="true" isStatic="true" isGetter="false" isSetter="false" crapScore="2">
              <Summary numSequencePoints="0" visitedSequencePoints="0" numBranchPoints="0" visitedBranchPoints="0" sequenceCoverage="0" branchCoverage="0" maxCyclomaticComplexity="1" minCyclomaticComplexity="1" visitedClasses="0" numClasses="0" visitedMethods="0" numMethods="0" minCrapScore="2" maxCrapScore="2" />
              <MetadataToken>100663440</MetadataToken>
              <Name>System.Void ImageProcessing.Streaming/async2@151-4::.cctor()</Name>
              <SequencePoints />
              <BranchPoints />
              <MethodPoint vc="0" uspid="100663440" ordinal="0" offset="0" />
            </Method>
          </Methods>
        </Class>
        <Class>
          <Summary numSequencePoints="13" visitedSequencePoints="0" numBranchPoints="1" visitedBranchPoints="0" sequenceCoverage="0" branchCoverage="0" maxCyclomaticComplexity="5" minCyclomaticComplexity="1" visitedClasses="0" numClasses="1" visitedMethods="0" numMethods="1" minCrapScore="30" maxCrapScore="30" />
          <FullName>ImageProcessing.Streaming/async2@122</FullName>
          <Methods>
            <Method visited="false" cyclomaticComplexity="5" nPathComplexity="0" sequenceCoverage="0" branchCoverage="0" isConstructor="false" isStatic="false" isGetter="false" isSetter="false" crapScore="30">
              <Summary numSequencePoints="13" visitedSequencePoints="0" numBranchPoints="1" visitedBranchPoints="0" sequenceCoverage="0" branchCoverage="0" maxCyclomaticComplexity="5" minCyclomaticComplexity="5" visitedClasses="0" numClasses="0" visitedMethods="0" numMethods="1" minCrapScore="30" maxCrapScore="30" />
              <MetadataToken>100663442</MetadataToken>
              <Name>Microsoft.FSharp.Core.Unit ImageProcessing.Streaming/async2@122::Invoke(System.Collections.Generic.IEnumerable`1&lt;System.String&gt;,System.String,Microsoft.FSharp.Core.FSharpFunc`2&lt;ImageProcessing.ImageProcessing/HelpProviders/Image,ImageProcessing.ImageProcessing/HelpProviders/Image&gt;,System.Int32)</Name>
              <FileRef uid="2" />
              <SequencePoints>
                <SequencePoint vc="0" uspid="133" ordinal="0" offset="0" sl="122" sc="9" el="122" ec="69" bec="0" bev="0" fileid="2" />
                <SequencePoint vc="0" uspid="132" ordinal="1" offset="20" sl="123" sc="9" el="123" ec="40" bec="0" bev="0" fileid="2" />
                <SequencePoint vc="0" uspid="131" ordinal="2" offset="27" sl="124" sc="9" el="124" ec="46" bec="0" bev="0" fileid="2" />
                <SequencePoint vc="0" uspid="130" ordinal="3" offset="49" sl="128" sc="13" el="128" ec="18" bec="0" bev="0" fileid="2" />
                <SequencePoint vc="0" uspid="129" ordinal="4" offset="52" sl="129" sc="16" el="132" ec="21" bec="0" bev="0" fileid="2" />
                <SequencePoint vc="0" uspid="128" ordinal="5" offset="72" sl="134" sc="16" el="134" ec="39" bec="0" bev="0" fileid="2" />
                <SequencePoint vc="0" uspid="127" ordinal="6" offset="83" sl="137" sc="9" el="138" ec="104" bec="0" bev="0" fileid="2" />
                <SequencePoint vc="0" uspid="126" ordinal="7" offset="231" sl="141" sc="9" el="145" ec="22" bec="0" bev="0" fileid="2" />
                <SequencePoint vc="0" uspid="125" ordinal="8" offset="246" sl="148" sc="9" el="148" ec="45" bec="0" bev="0" fileid="2" />
                <SequencePoint vc="0" uspid="124" ordinal="9" offset="253" sl="151" sc="9" el="151" ec="73" bec="0" bev="0" fileid="2" />
                <SequencePoint vc="0" uspid="123" ordinal="10" offset="266" sl="154" sc="9" el="154" ec="25" bec="0" bev="0" fileid="2" />
                <SequencePoint vc="0" uspid="122" ordinal="11" offset="273" sl="156" sc="9" el="156" ec="89" bec="0" bev="0" fileid="2" />
                <SequencePoint vc="0" uspid="121" ordinal="12" offset="335" sl="158" sc="9" el="158" ec="22" bec="0" bev="0" fileid="2" />
              </SequencePoints>
              <BranchPoints />
              <MethodPoint xsi:type="SequencePoint" vc="0" uspid="133" ordinal="0" offset="0" sl="122" sc="9" el="122" ec="69" bec="0" bev="0" fileid="2" />
            </Method>
          </Methods>
        </Class>
        <Class>
          <Summary numSequencePoints="6" visitedSequencePoints="0" numBranchPoints="1" visitedBranchPoints="0" sequenceCoverage="0" branchCoverage="0" maxCyclomaticComplexity="6" minCyclomaticComplexity="1" visitedClasses="0" numClasses="1" visitedMethods="0" numMethods="1" minCrapScore="42" maxCrapScore="42" />
          <FullName>ImageProcessing.RunStrategy</FullName>
          <Methods>
            <Method visited="false" cyclomaticComplexity="6" nPathComplexity="0" sequenceCoverage="0" branchCoverage="0" isConstructor="false" isStatic="true" isGetter="false" isSetter="false" crapScore="42">
              <Summary numSequencePoints="6" visitedSequencePoints="0" numBranchPoints="1" visitedBranchPoints="0" sequenceCoverage="0" branchCoverage="0" maxCyclomaticComplexity="6" minCyclomaticComplexity="6" visitedClasses="0" numClasses="0" visitedMethods="0" numMethods="1" minCrapScore="42" maxCrapScore="42" />
              <MetadataToken>100663443</MetadataToken>
              <Name>ImageProcessing.RunStrategy/RunStrategy ImageProcessing.RunStrategy::switchToCPU(ImageProcessing.RunStrategy/RunStrategy)</Name>
              <FileRef uid="3" />
              <SequencePoints>
                <SequencePoint vc="0" uspid="139" ordinal="0" offset="35" sl="24" sc="14" el="24" ec="17" bec="0" bev="0" fileid="3" />
                <SequencePoint vc="0" uspid="138" ordinal="1" offset="41" sl="25" sc="14" el="25" ec="17" bec="0" bev="0" fileid="3" />
                <SequencePoint vc="0" uspid="137" ordinal="2" offset="47" sl="26" sc="20" el="26" ec="29" bec="0" bev="0" fileid="3" />
                <SequencePoint vc="0" uspid="136" ordinal="3" offset="53" sl="27" sc="20" el="27" ec="29" bec="0" bev="0" fileid="3" />
                <SequencePoint vc="0" uspid="135" ordinal="4" offset="59" sl="28" sc="20" el="28" ec="29" bec="0" bev="0" fileid="3" />
                <SequencePoint vc="0" uspid="134" ordinal="5" offset="65" sl="29" sc="20" el="29" ec="29" bec="0" bev="0" fileid="3" />
              </SequencePoints>
              <BranchPoints />
              <MethodPoint xsi:type="SequencePoint" vc="0" uspid="139" ordinal="0" offset="35" sl="24" sc="14" el="24" ec="17" bec="0" bev="0" fileid="3" />
            </Method>
          </Methods>
        </Class>
        <Class>
          <Summary numSequencePoints="1" visitedSequencePoints="0" numBranchPoints="1" visitedBranchPoints="0" sequenceCoverage="0" branchCoverage="0" maxCyclomaticComplexity="1" minCyclomaticComplexity="1" visitedClasses="0" numClasses="1" visitedMethods="0" numMethods="1" minCrapScore="2" maxCrapScore="2" />
          <FullName>ImageProcessing.Agent</FullName>
          <Methods>
            <Method visited="false" cyclomaticComplexity="1" nPathComplexity="0" sequenceCoverage="0" branchCoverage="0" isConstructor="false" isStatic="true" isGetter="false" isSetter="false" crapScore="2">
              <Summary numSequencePoints="1" visitedSequencePoints="0" numBranchPoints="1" visitedBranchPoints="0" sequenceCoverage="0" branchCoverage="0" maxCyclomaticComplexity="1" minCyclomaticComplexity="1" visitedClasses="0" numClasses="0" visitedMethods="0" numMethods="1" minCrapScore="2" maxCrapScore="2" />
              <MetadataToken>100663469</MetadataToken>
              <Name>System.String ImageProcessing.Agent::outFile(System.String,System.String)</Name>
              <FileRef uid="4" />
              <SequencePoints>
                <SequencePoint vc="0" uspid="140" ordinal="0" offset="0" sl="28" sc="59" el="28" ec="98" bec="0" bev="0" fileid="4" />
              </SequencePoints>
              <BranchPoints />
              <MethodPoint xsi:type="SequencePoint" vc="0" uspid="140" ordinal="0" offset="0" sl="28" sc="59" el="28" ec="98" bec="0" bev="0" fileid="4" />
            </Method>
          </Methods>
        </Class>
        <Class>
          <Summary numSequencePoints="6" visitedSequencePoints="0" numBranchPoints="5" visitedBranchPoints="0" sequenceCoverage="0" branchCoverage="0" maxCyclomaticComplexity="1" minCyclomaticComplexity="1" visitedClasses="0" numClasses="1" visitedMethods="0" numMethods="5" minCrapScore="2" maxCrapScore="2" />
          <FullName>ImageProcessing.Agent/ProcessorAndSaver</FullName>
          <Methods>
            <Method visited="false" cyclomaticComplexity="1" nPathComplexity="0" sequenceCoverage="0" branchCoverage="0" isConstructor="true" isStatic="false" isGetter="false" isSetter="false" crapScore="2">
              <Summary numSequencePoints="2" visitedSequencePoints="0" numBranchPoints="1" visitedBranchPoints="0" sequenceCoverage="0" branchCoverage="0" maxCyclomaticComplexity="1" minCyclomaticComplexity="1" visitedClasses="0" numClasses="0" visitedMethods="0" numMethods="1" minCrapScore="2" maxCrapScore="2" />
              <MetadataToken>100663491</MetadataToken>
              <Name>System.Void ImageProcessing.Agent/ProcessorAndSaver::.ctor(System.Int32,Microsoft.FSharp.Core.FSharpFunc`2&lt;ImageProcessing.ImageProcessing/HelpProviders/Image,ImageProcessing.ImageProcessing/HelpProviders/Image&gt;,System.String,ImageProcessing.Logging/Logger)</Name>
              <FileRef uid="4" />
              <SequencePoints>
                <SequencePoint vc="0" uspid="142" ordinal="0" offset="37" sl="39" sc="5" el="39" ec="38" bec="0" bev="0" fileid="4" />
                <SequencePoint vc="0" uspid="141" ordinal="1" offset="44" sl="59" sc="5" el="59" ec="65" bec="0" bev="0" fileid="4" />
              </SequencePoints>
              <BranchPoints />
              <MethodPoint xsi:type="SequencePoint" vc="0" uspid="142" ordinal="0" offset="37" sl="39" sc="5" el="39" ec="38" bec="0" bev="0" fileid="4" />
            </Method>
            <Method visited="false" cyclomaticComplexity="1" nPathComplexity="0" sequenceCoverage="0" branchCoverage="0" isConstructor="false" isStatic="false" isGetter="false" isSetter="false" crapScore="2">
              <Summary numSequencePoints="1" visitedSequencePoints="0" numBranchPoints="1" visitedBranchPoints="0" sequenceCoverage="0" branchCoverage="0" maxCyclomaticComplexity="1" minCyclomaticComplexity="1" visitedClasses="0" numClasses="0" visitedMethods="0" numMethods="1" minCrapScore="2" maxCrapScore="2" />
              <MetadataToken>100663492</MetadataToken>
              <Name>System.Void ImageProcessing.Agent/ProcessorAndSaver::Start()</Name>
              <FileRef uid="4" />
              <SequencePoints>
                <SequencePoint vc="0" uspid="143" ordinal="0" offset="0" sl="64" sc="24" el="64" ec="49" bec="0" bev="0" fileid="4" />
              </SequencePoints>
              <BranchPoints />
              <MethodPoint xsi:type="SequencePoint" vc="0" uspid="143" ordinal="0" offset="0" sl="64" sc="24" el="64" ec="49" bec="0" bev="0" fileid="4" />
            </Method>
            <Method visited="false" cyclomaticComplexity="1" nPathComplexity="0" sequenceCoverage="0" branchCoverage="0" isConstructor="false" isStatic="false" isGetter="false" isSetter="false" crapScore="2">
              <Summary numSequencePoints="1" visitedSequencePoints="0" numBranchPoints="1" visitedBranchPoints="0" sequenceCoverage="0" branchCoverage="0" maxCyclomaticComplexity="1" minCyclomaticComplexity="1" visitedClasses="0" numClasses="0" visitedMethods="0" numMethods="1" minCrapScore="2" maxCrapScore="2" />
              <MetadataToken>100663493</MetadataToken>
              <Name>System.Void ImageProcessing.Agent/ProcessorAndSaver::Stop()</Name>
              <FileRef uid="4" />
              <SequencePoints>
                <SequencePoint vc="0" uspid="144" ordinal="0" offset="0" sl="69" sc="23" el="69" ec="58" bec="0" bev="0" fileid="4" />
              </SequencePoints>
              <BranchPoints />
              <MethodPoint xsi:type="SequencePoint" vc="0" uspid="144" ordinal="0" offset="0" sl="69" sc="23" el="69" ec="58" bec="0" bev="0" fileid="4" />
            </Method>
            <Method visited="false" cyclomaticComplexity="1" nPathComplexity="0" sequenceCoverage="0" branchCoverage="0" isConstructor="false" isStatic="false" isGetter="false" isSetter="false" crapScore="2">
              <Summary numSequencePoints="1" visitedSequencePoints="0" numBranchPoints="1" visitedBranchPoints="0" sequenceCoverage="0" branchCoverage="0" maxCyclomaticComplexity="1" minCyclomaticComplexity="1" visitedClasses="0" numClasses="0" visitedMethods="0" numMethods="1" minCrapScore="2" maxCrapScore="2" />
              <MetadataToken>100663494</MetadataToken>
              <Name>System.Void ImageProcessing.Agent/ProcessorAndSaver::ProcessAndSave(ImageProcessing.ImageProcessing/HelpProviders/Image)</Name>
              <FileRef uid="4" />
              <SequencePoints>
                <SequencePoint vc="0" uspid="145" ordinal="0" offset="0" sl="75" sc="43" el="75" ec="74" bec="0" bev="0" fileid="4" />
              </SequencePoints>
              <BranchPoints />
              <MethodPoint xsi:type="SequencePoint" vc="0" uspid="145" ordinal="0" offset="0" sl="75" sc="43" el="75" ec="74" bec="0" bev="0" fileid="4" />
            </Method>
            <Method visited="false" cyclomaticComplexity="1" nPathComplexity="0" sequenceCoverage="0" branchCoverage="0" isConstructor="false" isStatic="false" isGetter="false" isSetter="false" crapScore="2">
              <Summary numSequencePoints="1" visitedSequencePoints="0" numBranchPoints="1" visitedBranchPoints="0" sequenceCoverage="0" branchCoverage="0" maxCyclomaticComplexity="1" minCyclomaticComplexity="1" visitedClasses="0" numClasses="0" visitedMethods="0" numMethods="1" minCrapScore="2" maxCrapScore="2" />
              <MetadataToken>100663495</MetadataToken>
              <Name>Microsoft.FSharp.Control.FSharpAsync`1&lt;Microsoft.FSharp.Core.Unit&gt; ImageProcessing.Agent/ProcessorAndSaver::agent(Microsoft.FSharp.Control.FSharpMailboxProcessor`1&lt;ImageProcessing.Agent/Message&gt;)</Name>
              <FileRef uid="4" />
              <SequencePoints>
                <SequencePoint vc="0" uspid="146" ordinal="0" offset="0" sl="42" sc="9" el="42" ec="14" bec="0" bev="0" fileid="4" />
              </SequencePoints>
              <BranchPoints />
              <MethodPoint xsi:type="SequencePoint" vc="0" uspid="146" ordinal="0" offset="0" sl="42" sc="9" el="42" ec="14" bec="0" bev="0" fileid="4" />
            </Method>
          </Methods>
        </Class>
        <Class>
          <Summary numSequencePoints="0" visitedSequencePoints="0" numBranchPoints="0" visitedBranchPoints="0" sequenceCoverage="0" branchCoverage="0" maxCyclomaticComplexity="0" minCyclomaticComplexity="0" visitedClasses="0" numClasses="0" visitedMethods="0" numMethods="0" minCrapScore="0" maxCrapScore="0" />
          <FullName>ImageProcessing.Agent/-ctor@59-1</FullName>
          <Methods>
            <Method visited="false" cyclomaticComplexity="1" nPathComplexity="0" sequenceCoverage="0" branchCoverage="0" isConstructor="false" isStatic="false" isGetter="false" isSetter="false" crapScore="2">
              <Summary numSequencePoints="0" visitedSequencePoints="0" numBranchPoints="0" visitedBranchPoints="0" sequenceCoverage="0" branchCoverage="0" maxCyclomaticComplexity="1" minCyclomaticComplexity="1" visitedClasses="0" numClasses="0" visitedMethods="0" numMethods="0" minCrapScore="2" maxCrapScore="2" />
              <MetadataToken>100663497</MetadataToken>
              <Name>Microsoft.FSharp.Control.FSharpAsync`1&lt;Microsoft.FSharp.Core.Unit&gt; ImageProcessing.Agent/-ctor@59-1::Invoke(Microsoft.FSharp.Control.FSharpMailboxProcessor`1&lt;ImageProcessing.Agent/Message&gt;)</Name>
              <SequencePoints />
              <BranchPoints />
              <MethodPoint vc="0" uspid="100663497" ordinal="0" offset="0" />
            </Method>
          </Methods>
        </Class>
        <Class>
          <Summary numSequencePoints="0" visitedSequencePoints="0" numBranchPoints="0" visitedBranchPoints="0" sequenceCoverage="0" branchCoverage="0" maxCyclomaticComplexity="0" minCyclomaticComplexity="0" visitedClasses="0" numClasses="0" visitedMethods="0" numMethods="0" minCrapScore="0" maxCrapScore="0" />
          <FullName>ImageProcessing.Agent/Stop@69</FullName>
          <Methods>
            <Method visited="false" cyclomaticComplexity="1" nPathComplexity="0" sequenceCoverage="0" branchCoverage="0" isConstructor="false" isStatic="false" isGetter="false" isSetter="false" crapScore="2">
              <Summary numSequencePoints="0" visitedSequencePoints="0" numBranchPoints="0" visitedBranchPoints="0" sequenceCoverage="0" branchCoverage="0" maxCyclomaticComplexity="1" minCyclomaticComplexity="1" visitedClasses="0" numClasses="0" visitedMethods="0" numMethods="0" minCrapScore="2" maxCrapScore="2" />
              <MetadataToken>100663499</MetadataToken>
              <Name>ImageProcessing.Agent/Message ImageProcessing.Agent/Stop@69::Invoke(Microsoft.FSharp.Control.FSharpAsyncReplyChannel`1&lt;Microsoft.FSharp.Core.Unit&gt;)</Name>
              <SequencePoints />
              <BranchPoints />
              <MethodPoint vc="0" uspid="100663499" ordinal="0" offset="0" />
            </Method>
            <Method visited="false" cyclomaticComplexity="1" nPathComplexity="0" sequenceCoverage="0" branchCoverage="0" isConstructor="true" isStatic="true" isGetter="false" isSetter="false" crapScore="2">
              <Summary numSequencePoints="0" visitedSequencePoints="0" numBranchPoints="0" visitedBranchPoints="0" sequenceCoverage="0" branchCoverage="0" maxCyclomaticComplexity="1" minCyclomaticComplexity="1" visitedClasses="0" numClasses="0" visitedMethods="0" numMethods="0" minCrapScore="2" maxCrapScore="2" />
              <MetadataToken>100663500</MetadataToken>
              <Name>System.Void ImageProcessing.Agent/Stop@69::.cctor()</Name>
              <SequencePoints />
              <BranchPoints />
              <MethodPoint vc="0" uspid="100663500" ordinal="0" offset="0" />
            </Method>
          </Methods>
        </Class>
        <Class>
          <Summary numSequencePoints="1" visitedSequencePoints="0" numBranchPoints="1" visitedBranchPoints="0" sequenceCoverage="0" branchCoverage="0" maxCyclomaticComplexity="1" minCyclomaticComplexity="1" visitedClasses="0" numClasses="1" visitedMethods="0" numMethods="1" minCrapScore="2" maxCrapScore="2" />
          <FullName>ImageProcessing.Agent/clo@43-6</FullName>
          <Methods>
            <Method visited="false" cyclomaticComplexity="1" nPathComplexity="0" sequenceCoverage="0" branchCoverage="0" isConstructor="false" isStatic="false" isGetter="false" isSetter="false" crapScore="2">
              <Summary numSequencePoints="1" visitedSequencePoints="0" numBranchPoints="1" visitedBranchPoints="0" sequenceCoverage="0" branchCoverage="0" maxCyclomaticComplexity="1" minCyclomaticComplexity="1" visitedClasses="0" numClasses="0" visitedMethods="0" numMethods="1" minCrapScore="2" maxCrapScore="2" />
              <MetadataToken>100663502</MetadataToken>
              <Name>System.Boolean ImageProcessing.Agent/clo@43-6::Invoke(Microsoft.FSharp.Core.Unit)</Name>
              <FileRef uid="4" />
              <SequencePoints>
                <SequencePoint vc="0" uspid="147" ordinal="0" offset="0" sl="43" sc="13" el="43" ec="33" bec="0" bev="0" fileid="4" />
              </SequencePoints>
              <BranchPoints />
              <MethodPoint xsi:type="SequencePoint" vc="0" uspid="147" ordinal="0" offset="0" sl="43" sc="13" el="43" ec="33" bec="0" bev="0" fileid="4" />
            </Method>
          </Methods>
        </Class>
        <Class>
          <Summary numSequencePoints="9" visitedSequencePoints="0" numBranchPoints="3" visitedBranchPoints="0" sequenceCoverage="0" branchCoverage="0" maxCyclomaticComplexity="2" minCyclomaticComplexity="1" visitedClasses="0" numClasses="1" visitedMethods="0" numMethods="1" minCrapScore="6" maxCrapScore="6" />
          <FullName>ImageProcessing.Agent/clo@46-8</FullName>
          <Methods>
            <Method visited="false" cyclomaticComplexity="2" nPathComplexity="2" sequenceCoverage="0" branchCoverage="0" isConstructor="false" isStatic="false" isGetter="false" isSetter="false" crapScore="6">
              <Summary numSequencePoints="9" visitedSequencePoints="0" numBranchPoints="3" visitedBranchPoints="0" sequenceCoverage="0" branchCoverage="0" maxCyclomaticComplexity="2" minCyclomaticComplexity="2" visitedClasses="0" numClasses="0" visitedMethods="0" numMethods="1" minCrapScore="6" maxCrapScore="6" />
              <MetadataToken>100663504</MetadataToken>
              <Name>Microsoft.FSharp.Control.FSharpAsync`1&lt;Microsoft.FSharp.Core.Unit&gt; ImageProcessing.Agent/clo@46-8::Invoke(ImageProcessing.Agent/Message)</Name>
              <FileRef uid="4" />
              <SequencePoints>
                <SequencePoint vc="0" uspid="156" ordinal="0" offset="2" sl="46" sc="17" el="46" ec="31" bec="2" bev="0" fileid="4" />
                <SequencePoint vc="0" uspid="155" ordinal="1" offset="28" sl="48" sc="21" el="48" ec="78" bec="0" bev="0" fileid="4" />
                <SequencePoint vc="0" uspid="154" ordinal="2" offset="107" sl="49" sc="21" el="49" ec="44" bec="0" bev="0" fileid="4" />
                <SequencePoint vc="0" uspid="153" ordinal="3" offset="119" sl="50" sc="21" el="50" ec="31" bec="0" bev="0" fileid="4" />
                <SequencePoint vc="0" uspid="152" ordinal="4" offset="156" sl="52" sc="21" el="52" ec="101" bec="0" bev="0" fileid="4" />
                <SequencePoint vc="0" uspid="151" ordinal="5" offset="254" sl="53" sc="21" el="53" ec="60" bec="0" bev="0" fileid="4" />
                <SequencePoint vc="0" uspid="150" ordinal="6" offset="274" sl="54" sc="21" el="54" ec="97" bec="0" bev="0" fileid="4" />
                <SequencePoint vc="0" uspid="149" ordinal="7" offset="372" sl="55" sc="21" el="55" ec="71" bec="0" bev="0" fileid="4" />
                <SequencePoint vc="0" uspid="148" ordinal="8" offset="403" sl="56" sc="21" el="56" ec="110" bec="0" bev="0" fileid="4" />
              </SequencePoints>
              <BranchPoints>
                <BranchPoint vc="0" uspid="52" ordinal="0" offset="10" sl="46" path="0" offsetchain="12" offsetend="139" fileid="4" />
                <BranchPoint vc="0" uspid="53" ordinal="1" offset="10" sl="46" path="1" offsetend="14" fileid="4" />
              </BranchPoints>
              <MethodPoint xsi:type="SequencePoint" vc="0" uspid="156" ordinal="0" offset="2" sl="46" sc="17" el="46" ec="31" bec="2" bev="0" fileid="4" />
            </Method>
          </Methods>
        </Class>
        <Class>
          <Summary numSequencePoints="0" visitedSequencePoints="0" numBranchPoints="0" visitedBranchPoints="0" sequenceCoverage="0" branchCoverage="0" maxCyclomaticComplexity="0" minCyclomaticComplexity="0" visitedClasses="0" numClasses="0" visitedMethods="0" numMethods="0" minCrapScore="0" maxCrapScore="0" />
          <FullName>ImageProcessing.Agent/clo@44-9</FullName>
          <Methods>
            <Method visited="false" cyclomaticComplexity="1" nPathComplexity="0" sequenceCoverage="0" branchCoverage="0" isConstructor="false" isStatic="false" isGetter="false" isSetter="false" crapScore="2">
              <Summary numSequencePoints="0" visitedSequencePoints="0" numBranchPoints="0" visitedBranchPoints="0" sequenceCoverage="0" branchCoverage="0" maxCyclomaticComplexity="1" minCyclomaticComplexity="1" visitedClasses="0" numClasses="0" visitedMethods="0" numMethods="0" minCrapScore="2" maxCrapScore="2" />
              <MetadataToken>100663506</MetadataToken>
              <Name>Microsoft.FSharp.Control.AsyncReturn ImageProcessing.Agent/clo@44-9::Invoke(Microsoft.FSharp.Control.AsyncActivation`1&lt;Microsoft.FSharp.Core.Unit&gt;)</Name>
              <SequencePoints />
              <BranchPoints />
              <MethodPoint vc="0" uspid="100663506" ordinal="0" offset="0" />
            </Method>
          </Methods>
        </Class>
        <Class>
          <Summary numSequencePoints="1" visitedSequencePoints="0" numBranchPoints="1" visitedBranchPoints="0" sequenceCoverage="0" branchCoverage="0" maxCyclomaticComplexity="1" minCyclomaticComplexity="1" visitedClasses="0" numClasses="1" visitedMethods="0" numMethods="1" minCrapScore="2" maxCrapScore="2" />
          <FullName>ImageProcessing.Agent/clo@44-7</FullName>
          <Methods>
            <Method visited="false" cyclomaticComplexity="1" nPathComplexity="0" sequenceCoverage="0" branchCoverage="0" isConstructor="false" isStatic="false" isGetter="false" isSetter="false" crapScore="2">
              <Summary numSequencePoints="1" visitedSequencePoints="0" numBranchPoints="1" visitedBranchPoints="0" sequenceCoverage="0" branchCoverage="0" maxCyclomaticComplexity="1" minCyclomaticComplexity="1" visitedClasses="0" numClasses="0" visitedMethods="0" numMethods="1" minCrapScore="2" maxCrapScore="2" />
              <MetadataToken>100663508</MetadataToken>
              <Name>Microsoft.FSharp.Control.FSharpAsync`1&lt;Microsoft.FSharp.Core.Unit&gt; ImageProcessing.Agent/clo@44-7::Invoke(Microsoft.FSharp.Core.Unit)</Name>
              <FileRef uid="4" />
              <SequencePoints>
                <SequencePoint vc="0" uspid="157" ordinal="0" offset="0" sl="44" sc="17" el="44" ec="43" bec="0" bev="0" fileid="4" />
              </SequencePoints>
              <BranchPoints />
              <MethodPoint xsi:type="SequencePoint" vc="0" uspid="157" ordinal="0" offset="0" sl="44" sc="17" el="44" ec="43" bec="0" bev="0" fileid="4" />
            </Method>
          </Methods>
        </Class>
        <Class>
[...]
                <SequencePoint vc="0" uspid="413" ordinal="11" offset="1629" sl="51" sc="8" el="51" ec="37" bec="0" bev="0" fileid="9" />
                <SequencePoint vc="0" uspid="412" ordinal="12" offset="1778" sl="52" sc="8" el="52" ec="15" bec="0" bev="0" fileid="9" />
                <SequencePoint vc="0" uspid="411" ordinal="13" offset="1796" sl="58" sc="5" el="62" ec="35" bec="0" bev="0" fileid="9" />
                <SequencePoint vc="0" uspid="410" ordinal="14" offset="2078" sl="63" sc="8" el="63" ec="37" bec="0" bev="0" fileid="9" />
                <SequencePoint vc="0" uspid="409" ordinal="15" offset="2227" sl="64" sc="8" el="64" ec="15" bec="0" bev="0" fileid="9" />
              </SequencePoints>
              <BranchPoints>
                <BranchPoint vc="0" uspid="136" ordinal="0" offset="288" sl="15" path="0" offsetend="290" fileid="9" />
                <BranchPoint vc="0" uspid="137" ordinal="1" offset="288" sl="15" path="1" offsetchain="301" offsetend="429" fileid="9" />
                <BranchPoint vc="0" uspid="138" ordinal="2" offset="335" sl="15" path="0" offsetend="337" fileid="9" />
                <BranchPoint vc="0" uspid="139" ordinal="3" offset="335" sl="15" path="1" offsetchain="348" offsetend="404" fileid="9" />
                <BranchPoint vc="0" uspid="140" ordinal="4" offset="410" sl="15" path="0" offsetend="412" fileid="9" />
                <BranchPoint vc="0" uspid="141" ordinal="5" offset="410" sl="15" path="1" offsetend="369" fileid="9" />
                <BranchPoint vc="0" uspid="142" ordinal="6" offset="435" sl="15" path="0" offsetend="440" fileid="9" />
                <BranchPoint vc="0" uspid="143" ordinal="7" offset="435" sl="15" path="1" offsetend="318" fileid="9" />
              </BranchPoints>
              <MethodPoint xsi:type="SequencePoint" vc="0" uspid="424" ordinal="0" offset="0" sl="10" sc="5" el="14" ec="30" bec="0" bev="0" fileid="9" />
            </Method>
          </Methods>
        </Class>
        <Class>
          <Summary numSequencePoints="2" visitedSequencePoints="0" numBranchPoints="1" visitedBranchPoints="0" sequenceCoverage="0" branchCoverage="0" maxCyclomaticComplexity="1" minCyclomaticComplexity="1" visitedClasses="0" numClasses="1" visitedMethods="0" numMethods="1" minCrapScore="2" maxCrapScore="2" />
          <FullName>ImageProcessing.Logging</FullName>
          <Methods>
            <Method visited="false" cyclomaticComplexity="1" nPathComplexity="0" sequenceCoverage="0" branchCoverage="0" isConstructor="false" isStatic="true" isGetter="false" isSetter="false" crapScore="2">
              <Summary numSequencePoints="2" visitedSequencePoints="0" numBranchPoints="1" visitedBranchPoints="0" sequenceCoverage="0" branchCoverage="0" maxCyclomaticComplexity="1" minCyclomaticComplexity="1" visitedClasses="0" numClasses="0" visitedMethods="0" numMethods="1" minCrapScore="2" maxCrapScore="2" />
              <MetadataToken>100663764</MetadataToken>
              <Name>System.String ImageProcessing.Logging::getTime()</Name>
              <FileRef uid="10" />
              <SequencePoints>
                <SequencePoint vc="0" uspid="426" ordinal="0" offset="0" sl="11" sc="5" el="11" ec="34" bec="0" bev="0" fileid="10" />
                <SequencePoint vc="0" uspid="425" ordinal="1" offset="6" sl="12" sc="5" el="12" ec="86" bec="0" bev="0" fileid="10" />
              </SequencePoints>
              <BranchPoints />
              <MethodPoint xsi:type="SequencePoint" vc="0" uspid="426" ordinal="0" offset="0" sl="11" sc="5" el="11" ec="34" bec="0" bev="0" fileid="10" />
            </Method>
          </Methods>
        </Class>
        <Class>
          <Summary numSequencePoints="6" visitedSequencePoints="0" numBranchPoints="5" visitedBranchPoints="0" sequenceCoverage="0" branchCoverage="0" maxCyclomaticComplexity="1" minCyclomaticComplexity="1" visitedClasses="0" numClasses="1" visitedMethods="0" numMethods="5" minCrapScore="2" maxCrapScore="2" />
          <FullName>ImageProcessing.Logging/Logger</FullName>
          <Methods>
            <Method visited="false" cyclomaticComplexity="1" nPathComplexity="0" sequenceCoverage="0" branchCoverage="0" isConstructor="true" isStatic="false" isGetter="false" isSetter="false" crapScore="2">
              <Summary numSequencePoints="2" visitedSequencePoints="0" numBranchPoints="1" visitedBranchPoints="0" sequenceCoverage="0" branchCoverage="0" maxCyclomaticComplexity="1" minCyclomaticComplexity="1" visitedClasses="0" numClasses="0" visitedMethods="0" numMethods="1" minCrapScore="2" maxCrapScore="2" />
              <MetadataToken>100663788</MetadataToken>
              <Name>System.Void ImageProcessing.Logging/Logger::.ctor()</Name>
              <FileRef uid="10" />
              <SequencePoints>
                <SequencePoint vc="0" uspid="428" ordinal="0" offset="8" sl="31" sc="5" el="31" ec="38" bec="0" bev="0" fileid="10" />
                <SequencePoint vc="0" uspid="427" ordinal="1" offset="15" sl="43" sc="5" el="43" ec="57" bec="0" bev="0" fileid="10" />
              </SequencePoints>
              <BranchPoints />
              <MethodPoint xsi:type="SequencePoint" vc="0" uspid="428" ordinal="0" offset="8" sl="31" sc="5" el="31" ec="38" bec="0" bev="0" fileid="10" />
            </Method>
            <Method visited="false" cyclomaticComplexity="1" nPathComplexity="0" sequenceCoverage="0" branchCoverage="0" isConstructor="false" isStatic="false" isGetter="false" isSetter="false" crapScore="2">
              <Summary numSequencePoints="1" visitedSequencePoints="0" numBranchPoints="1" visitedBranchPoints="0" sequenceCoverage="0" branchCoverage="0" maxCyclomaticComplexity="1" minCyclomaticComplexity="1" visitedClasses="0" numClasses="0" visitedMethods="0" numMethods="1" minCrapScore="2" maxCrapScore="2" />
              <MetadataToken>100663789</MetadataToken>
              <Name>System.Void ImageProcessing.Logging/Logger::Start()</Name>
              <FileRef uid="10" />
              <SequencePoints>
                <SequencePoint vc="0" uspid="429" ordinal="0" offset="0" sl="48" sc="24" el="48" ec="38" bec="0" bev="0" fileid="10" />
              </SequencePoints>
              <BranchPoints />
              <MethodPoint xsi:type="SequencePoint" vc="0" uspid="429" ordinal="0" offset="0" sl="48" sc="24" el="48" ec="38" bec="0" bev="0" fileid="10" />
            </Method>
            <Method visited="false" cyclomaticComplexity="1" nPathComplexity="0" sequenceCoverage="0" branchCoverage="0" isConstructor="false" isStatic="false" isGetter="false" isSetter="false" crapScore="2">
              <Summary numSequencePoints="1" visitedSequencePoints="0" numBranchPoints="1" visitedBranchPoints="0" sequenceCoverage="0" branchCoverage="0" maxCyclomaticComplexity="1" minCyclomaticComplexity="1" visitedClasses="0" numClasses="0" visitedMethods="0" numMethods="1" minCrapScore="2" maxCrapScore="2" />
              <MetadataToken>100663790</MetadataToken>
              <Name>System.Void ImageProcessing.Logging/Logger::Stop()</Name>
              <FileRef uid="10" />
              <SequencePoints>
                <SequencePoint vc="0" uspid="430" ordinal="0" offset="0" sl="53" sc="23" el="53" ec="40" bec="0" bev="0" fileid="10" />
              </SequencePoints>
              <BranchPoints />
              <MethodPoint xsi:type="SequencePoint" vc="0" uspid="430" ordinal="0" offset="0" sl="53" sc="23" el="53" ec="40" bec="0" bev="0" fileid="10" />
            </Method>
            <Method visited="false" cyclomaticComplexity="1" nPathComplexity="0" sequenceCoverage="0" branchCoverage="0" isConstructor="false" isStatic="false" isGetter="false" isSetter="false" crapScore="2">
              <Summary numSequencePoints="1" visitedSequencePoints="0" numBranchPoints="1" visitedBranchPoints="0" sequenceCoverage="0" branchCoverage="0" maxCyclomaticComplexity="1" minCyclomaticComplexity="1" visitedClasses="0" numClasses="0" visitedMethods="0" numMethods="1" minCrapScore="2" maxCrapScore="2" />
              <MetadataToken>100663791</MetadataToken>
              <Name>System.Void ImageProcessing.Logging/Logger::Log(System.String)</Name>
              <FileRef uid="10" />
              <SequencePoints>
                <SequencePoint vc="0" uspid="431" ordinal="0" offset="0" sl="59" sc="33" el="59" ec="57" bec="0" bev="0" fileid="10" />
              </SequencePoints>
              <BranchPoints />
              <MethodPoint xsi:type="SequencePoint" vc="0" uspid="431" ordinal="0" offset="0" sl="59" sc="33" el="59" ec="57" bec="0" bev="0" fileid="10" />
            </Method>
            <Method visited="false" cyclomaticComplexity="1" nPathComplexity="0" sequenceCoverage="0" branchCoverage="0" isConstructor="false" isStatic="false" isGetter="false" isSetter="false" crapScore="2">
              <Summary numSequencePoints="1" visitedSequencePoints="0" numBranchPoints="1" visitedBranchPoints="0" sequenceCoverage="0" branchCoverage="0" maxCyclomaticComplexity="1" minCyclomaticComplexity="1" visitedClasses="0" numClasses="0" visitedMethods="0" numMethods="1" minCrapScore="2" maxCrapScore="2" />
              <MetadataToken>100663792</MetadataToken>
              <Name>Microsoft.FSharp.Control.FSharpAsync`1&lt;Microsoft.FSharp.Core.Unit&gt; ImageProcessing.Logging/Logger::agent(Microsoft.FSharp.Control.FSharpMailboxProcessor`1&lt;ImageProcessing.Logging/LogControl&gt;)</Name>
              <FileRef uid="10" />
              <SequencePoints>
                <SequencePoint vc="0" uspid="432" ordinal="0" offset="0" sl="34" sc="9" el="34" ec="14" bec="0" bev="0" fileid="10" />
              </SequencePoints>
              <BranchPoints />
              <MethodPoint xsi:type="SequencePoint" vc="0" uspid="432" ordinal="0" offset="0" sl="34" sc="9" el="34" ec="14" bec="0" bev="0" fileid="10" />
            </Method>
          </Methods>
        </Class>
        <Class>
          <Summary numSequencePoints="0" visitedSequencePoints="0" numBranchPoints="0" visitedBranchPoints="0" sequenceCoverage="0" branchCoverage="0" maxCyclomaticComplexity="0" minCyclomaticComplexity="0" visitedClasses="0" numClasses="0" visitedMethods="0" numMethods="0" minCrapScore="0" maxCrapScore="0" />
          <FullName>ImageProcessing.Logging/-ctor@43</FullName>
          <Methods>
            <Method visited="false" cyclomaticComplexity="1" nPathComplexity="0" sequenceCoverage="0" branchCoverage="0" isConstructor="false" isStatic="false" isGetter="false" isSetter="false" crapScore="2">
              <Summary numSequencePoints="0" visitedSequencePoints="0" numBranchPoints="0" visitedBranchPoints="0" sequenceCoverage="0" branchCoverage="0" maxCyclomaticComplexity="1" minCyclomaticComplexity="1" visitedClasses="0" numClasses="0" visitedMethods="0" numMethods="0" minCrapScore="2" maxCrapScore="2" />
              <MetadataToken>100663794</MetadataToken>
              <Name>Microsoft.FSharp.Control.FSharpAsync`1&lt;Microsoft.FSharp.Core.Unit&gt; ImageProcessing.Logging/-ctor@43::Invoke(Microsoft.FSharp.Control.FSharpMailboxProcessor`1&lt;ImageProcessing.Logging/LogControl&gt;)</Name>
              <SequencePoints />
              <BranchPoints />
              <MethodPoint vc="0" uspid="100663794" ordinal="0" offset="0" />
            </Method>
          </Methods>
        </Class>
        <Class>
          <Summary numSequencePoints="1" visitedSequencePoints="0" numBranchPoints="1" visitedBranchPoints="0" sequenceCoverage="0" branchCoverage="0" maxCyclomaticComplexity="1" minCyclomaticComplexity="1" visitedClasses="0" numClasses="1" visitedMethods="0" numMethods="1" minCrapScore="2" maxCrapScore="2" />
          <FullName>ImageProcessing.Logging/clo@35-1</FullName>
          <Methods>
            <Method visited="false" cyclomaticComplexity="1" nPathComplexity="0" sequenceCoverage="0" branchCoverage="0" isConstructor="false" isStatic="false" isGetter="false" isSetter="false" crapScore="2">
              <Summary numSequencePoints="1" visitedSequencePoints="0" numBranchPoints="1" visitedBranchPoints="0" sequenceCoverage="0" branchCoverage="0" maxCyclomaticComplexity="1" minCyclomaticComplexity="1" visitedClasses="0" numClasses="0" visitedMethods="0" numMethods="1" minCrapScore="2" maxCrapScore="2" />
              <MetadataToken>100663796</MetadataToken>
              <Name>System.Boolean ImageProcessing.Logging/clo@35-1::Invoke(Microsoft.FSharp.Core.Unit)</Name>
              <FileRef uid="10" />
              <SequencePoints>
                <SequencePoint vc="0" uspid="433" ordinal="0" offset="0" sl="35" sc="13" el="35" ec="33" bec="0" bev="0" fileid="10" />
              </SequencePoints>
              <BranchPoints />
              <MethodPoint xsi:type="SequencePoint" vc="0" uspid="433" ordinal="0" offset="0" sl="35" sc="13" el="35" ec="33" bec="0" bev="0" fileid="10" />
            </Method>
          </Methods>
        </Class>
        <Class>
          <Summary numSequencePoints="3" visitedSequencePoints="0" numBranchPoints="3" visitedBranchPoints="0" sequenceCoverage="0" branchCoverage="0" maxCyclomaticComplexity="2" minCyclomaticComplexity="1" visitedClasses="0" numClasses="1" visitedMethods="0" numMethods="1" minCrapScore="6" maxCrapScore="6" />
          <FullName>ImageProcessing.Logging/clo@38-3</FullName>
          <Methods>
            <Method visited="false" cyclomaticComplexity="2" nPathComplexity="2" sequenceCoverage="0" branchCoverage="0" isConstructor="false" isStatic="false" isGetter="false" isSetter="false" crapScore="6">
              <Summary numSequencePoints="3" visitedSequencePoints="0" numBranchPoints="3" visitedBranchPoints="0" sequenceCoverage="0" branchCoverage="0" maxCyclomaticComplexity="2" minCyclomaticComplexity="2" visitedClasses="0" numClasses="0" visitedMethods="0" numMethods="1" minCrapScore="6" maxCrapScore="6" />
              <MetadataToken>100663798</MetadataToken>
              <Name>Microsoft.FSharp.Control.FSharpAsync`1&lt;Microsoft.FSharp.Core.Unit&gt; ImageProcessing.Logging/clo@38-3::Invoke(ImageProcessing.Logging/LogControl)</Name>
              <FileRef uid="10" />
              <SequencePoints>
                <SequencePoint vc="0" uspid="436" ordinal="0" offset="2" sl="38" sc="17" el="38" ec="31" bec="2" bev="0" fileid="10" />
                <SequencePoint vc="0" uspid="435" ordinal="1" offset="28" sl="39" sc="34" el="39" ec="50" bec="0" bev="0" fileid="10" />
                <SequencePoint vc="0" uspid="434" ordinal="2" offset="76" sl="40" sc="27" el="40" ec="50" bec="0" bev="0" fileid="10" />
              </SequencePoints>
              <BranchPoints>
                <BranchPoint vc="0" uspid="144" ordinal="0" offset="10" sl="38" path="0" offsetchain="12" offsetend="76" fileid="10" />
                <BranchPoint vc="0" uspid="145" ordinal="1" offset="10" sl="38" path="1" offsetend="14" fileid="10" />
              </BranchPoints>
              <MethodPoint xsi:type="SequencePoint" vc="0" uspid="436" ordinal="0" offset="2" sl="38" sc="17" el="38" ec="31" bec="2" bev="0" fileid="10" />
            </Method>
          </Methods>
        </Class>
        <Class>
          <Summary numSequencePoints="0" visitedSequencePoints="0" numBranchPoints="0" visitedBranchPoints="0" sequenceCoverage="0" branchCoverage="0" maxCyclomaticComplexity="0" minCyclomaticComplexity="0" visitedClasses="0" numClasses="0" visitedMethods="0" numMethods="0" minCrapScore="0" maxCrapScore="0" />
          <FullName>ImageProcessing.Logging/clo@36-4</FullName>
          <Methods>
            <Method visited="false" cyclomaticComplexity="1" nPathComplexity="0" sequenceCoverage="0" branchCoverage="0" isConstructor="false" isStatic="false" isGetter="false" isSetter="false" crapScore="2">
              <Summary numSequencePoints="0" visitedSequencePoints="0" numBranchPoints="0" visitedBranchPoints="0" sequenceCoverage="0" branchCoverage="0" maxCyclomaticComplexity="1" minCyclomaticComplexity="1" visitedClasses="0" numClasses="0" visitedMethods="0" numMethods="0" minCrapScore="2" maxCrapScore="2" />
              <MetadataToken>100663800</MetadataToken>
              <Name>Microsoft.FSharp.Control.AsyncReturn ImageProcessing.Logging/clo@36-4::Invoke(Microsoft.FSharp.Control.AsyncActivation`1&lt;Microsoft.FSharp.Core.Unit&gt;)</Name>
              <SequencePoints />
              <BranchPoints />
              <MethodPoint vc="0" uspid="100663800" ordinal="0" offset="0" />
            </Method>
          </Methods>
        </Class>
        <Class>
          <Summary numSequencePoints="1" visitedSequencePoints="0" numBranchPoints="1" visitedBranchPoints="0" sequenceCoverage="0" branchCoverage="0" maxCyclomaticComplexity="1" minCyclomaticComplexity="1" visitedClasses="0" numClasses="1" visitedMethods="0" numMethods="1" minCrapScore="2" maxCrapScore="2" />
          <FullName>ImageProcessing.Logging/clo@36-2</FullName>
          <Methods>
            <Method visited="false" cyclomaticComplexity="1" nPathComplexity="0" sequenceCoverage="0" branchCoverage="0" isConstructor="false" isStatic="false" isGetter="false" isSetter="false" crapScore="2">
              <Summary numSequencePoints="1" visitedSequencePoints="0" numBranchPoints="1" visitedBranchPoints="0" sequenceCoverage="0" branchCoverage="0" maxCyclomaticComplexity="1" minCyclomaticComplexity="1" visitedClasses="0" numClasses="0" visitedMethods="0" numMethods="1" minCrapScore="2" maxCrapScore="2" />
              <MetadataToken>100663802</MetadataToken>
              <Name>Microsoft.FSharp.Control.FSharpAsync`1&lt;Microsoft.FSharp.Core.Unit&gt; ImageProcessing.Logging/clo@36-2::Invoke(Microsoft.FSharp.Core.Unit)</Name>
              <FileRef uid="10" />
              <SequencePoints>
                <SequencePoint vc="0" uspid="437" ordinal="0" offset="0" sl="36" sc="17" el="36" ec="43" bec="0" bev="0" fileid="10" />
              </SequencePoints>
              <BranchPoints />
              <MethodPoint xsi:type="SequencePoint" vc="0" uspid="437" ordinal="0" offset="0" sl="36" sc="17" el="36" ec="43" bec="0" bev="0" fileid="10" />
            </Method>
          </Methods>
        </Class>
        <Class>
          <Summary numSequencePoints="0" visitedSequencePoints="0" numBranchPoints="0" visitedBranchPoints="0" sequenceCoverage="0" branchCoverage="0" maxCyclomaticComplexity="0" minCyclomaticComplexity="0" visitedClasses="0" numClasses="0" visitedMethods="0" numMethods="0" minCrapScore="0" maxCrapScore="0" />
          <FullName>ImageProcessing.Logging/clo@35</FullName>
          <Methods>
            <Method visited="false" cyclomaticComplexity="1" nPathComplexity="0" sequenceCoverage="0" branchCoverage="0" isConstructor="false" isStatic="false" isGetter="false" isSetter="false" crapScore="2">
              <Summary numSequencePoints="0" visitedSequencePoints="0" numBranchPoints="0" visitedBranchPoints="0" sequenceCoverage="0" branchCoverage="0" maxCyclomaticComplexity="1" minCyclomaticComplexity="1" visitedClasses="0" numClasses="0" visitedMethods="0" numMethods="0" minCrapScore="2" maxCrapScore="2" />
              <MetadataToken>100663804</MetadataToken>
              <Name>Microsoft.FSharp.Control.FSharpAsync`1&lt;Microsoft.FSharp.Core.Unit&gt; ImageProcessing.Logging/clo@35::Invoke(Microsoft.FSharp.Core.Unit)</Name>
              <SequencePoints />
              <BranchPoints />
              <MethodPoint vc="0" uspid="100663804" ordinal="0" offset="0" />
            </Method>
          </Methods>
        </Class>
      </Classes>
    </Module>
    <Module skippedDueTo="Filter" hash="58-DF-4C-2F-13-8B-08-42-CD-5D-56-D2-70-D0-EB-24-D9-5C-23-19">
      <ModulePath>/home/dxd/ImageProcessing/tests/ImageProcessing.Tests/bin/Debug/net7.0/ImageProcessing.Tests.dll</ModulePath>
      <ModuleTime>2023-09-16T17:09:46.4980375Z</ModuleTime>
      <ModuleName>ImageProcessing.Tests</ModuleName>
      <Classes />
    </Module>
  </Modules>
</CoverageSession>